#
# A fatal error has been detected by the Java Runtime Environment:
#
#  EXCEPTION_ACCESS_VIOLATION (0xc0000005) at pc=0x000001bd7f571066, pid=22312, tid=0x0000000000001668
#
# JRE version: OpenJDK Runtime Environment (8.0_362-b09) (build 1.8.0_362-b09)
# Java VM: OpenJDK 64-Bit Server VM (25.362-b09 mixed mode windows-amd64 compressed oops)
# Problematic frame:
# C  [OpenAL64.dll+0x11066]
#
# Failed to write core dump. Minidumps are not enabled by default on client versions of Windows
#
# If you would like to submit a bug report, please visit:
#   https://github.com/adoptium/adoptium-support/issues
# The crash happened outside the Java Virtual Machine in native code.
# See problematic frame for where to report the bug.
#

---------------  T H R E A D  ---------------

Current thread (0x000001bd63721800):  JavaThread "main" [_thread_in_native, id=5736, stack(0x000000b664b00000,0x000000b664c00000)]

siginfo: ExceptionCode=0xc0000005, reading address 0x000001bd7e4dc004

Registers:
RAX=0x0000000029738437, RBX=0x000001bd7f6b0090, RCX=0x000001bd7e4dc008, RDX=0x000001bd7e4dc004
RSP=0x000000b664bfc450, RBP=0x00000000000000ff, RSI=0x000001bd7e4cc55c, RDI=0x0000000000000000
R8 =0x0000000000003eaa, R9 =0x000001bd7e4cc55c, R10=0x000001bd650c9622, R11=0x00000000541d8c80
R12=0x0000000000000001, R13=0x000001bd7f0fb6a8, R14=0x000000b664bfc5f0, R15=0x000001bd63721800
RIP=0x000001bd7f571066, EFLAGS=0x0000000000010202

Top of Stack: (sp=0x000000b664bfc450)
0x000000b664bfc450:   0000000000000000 000001bd63721800
0x000000b664bfc460:   000000b664bfc5f0 000001bd7f0fb6a8
0x000000b664bfc470:   000001bd7f0fb6a8 0000000000000000
0x000000b664bfc480:   000001bd63721800 0000000000000000
0x000000b664bfc490:   000000b664bfc5b8 000000005406f1eb
0x000000b664bfc4a0:   000000b664bfc4d0 000001bd6510a2d3
0x000000b664bfc4b0:   000001bd636e5b30 000001bd63721f70
0x000000b664bfc4c0:   000001bd63721800 000000b664bfc5f0
0x000000b664bfc4d0:   000001bd7f0fb6a8 0000000000000000
0x000000b664bfc4e0:   000001bd7e4cc55c 0000000000000248
0x000000b664bfc4f0:   000000b664bfc5b8 000001bd7f57248f
0x000000b664bfc500:   000001bd7f6b0090 000001bd7f6b0090
0x000000b664bfc510:   000001bd0000ac44 000001bd29738437
0x000000b664bfc520:   000001bd650b7bd0 000001bd650c964e
0x000000b664bfc530:   000001bd7f0fb6a8 0000000000000248
0x000000b664bfc540:   000001bd650b7bd0 000001bd650c935b 

Instructions: (pc=0x000001bd7f571066)
0x000001bd7f571046:   41 2b ec 81 3a 03 00 02 00 75 09 8b 01 89 84 24
0x000001bd7f571056:   c8 00 00 00 49 83 c0 02 48 83 c1 08 4a 8d 14 86
0x000001bd7f571066:   39 3a 75 af 4c 8d 84 24 c0 00 00 00 48 8d 15 d7
0x000001bd7f571076:   2b 03 00 33 c9 e8 58 5f 00 00 b8 40 1f 00 00 4c 


Register to memory mapping:

RAX=0x0000000029738437 is an unknown value
RBX=0x000001bd7f6b0090 is an unknown value
RCX=0x000001bd7e4dc008 is an unknown value
RDX=0x000001bd7e4dc004 is an unknown value
RSP=0x000000b664bfc450 is pointing into the stack for thread: 0x000001bd63721800
RBP=0x00000000000000ff is an unknown value
RSI=0x000001bd7e4cc55c is an unknown value
RDI=0x0000000000000000 is an unknown value
R8 =0x0000000000003eaa is an unknown value
R9 =0x000001bd7e4cc55c is an unknown value
R10=0x000001bd650c9622 is at code_begin+962 in an Interpreter codelet
method entry point (kind = native)  [0x000001bd650c9260, 0x000001bd650c9d00]  2720 bytes
R11=0x00000000541d8c80 is an unknown value
R12=0x0000000000000001 is an unknown value
R13={method} {0x000001bd7f0fb6b0} 'nalcCreateContext' '(JJ)J' in 'org/lwjgl/openal/ALC10'
R14=0x000000b664bfc5f0 is pointing into the stack for thread: 0x000001bd63721800
R15=0x000001bd63721800 is a thread


Stack: [0x000000b664b00000,0x000000b664c00000],  sp=0x000000b664bfc450,  free space=1009k
Native frames: (J=compiled Java code, j=interpreted, Vv=VM code, C=native code)
C  [OpenAL64.dll+0x11066]
C  [OpenAL64.dll+0x1248f]
C  0x000001bd650c964e

Java frames: (J=compiled Java code, j=interpreted, Vv=VM code)
j  org.lwjgl.openal.ALC10.nalcCreateContext(JJ)J+0
j  org.lwjgl.openal.ALC10.alcCreateContext(Lorg/lwjgl/openal/ALCdevice;Ljava/nio/IntBuffer;)Lorg/lwjgl/openal/ALCcontext;+8
j  org.lwjgl.openal.AL.init(Ljava/lang/String;IIZZ)V+69
j  org.lwjgl.openal.AL.create(Ljava/lang/String;IIZZ)V+246
j  org.lwjgl.openal.AL.create(Ljava/lang/String;IIZ)V+5
j  org.lwjgl.openal.AL.create()V+6
j  com.badlogic.gdx.backends.lwjgl.audio.OpenALAudio.<init>(III)V+114
j  com.badlogic.gdx.backends.lwjgl.LwjglApplication.<init>(Lcom/badlogic/gdx/ApplicationListener;Lcom/badlogic/gdx/backends/lwjgl/LwjglApplicationConfiguration;Lcom/badlogic/gdx/backends/lwjgl/LwjglGraphics;)V+120
j  com.badlogic.gdx.backends.lwjgl.LwjglApplication.<init>(Lcom/badlogic/gdx/ApplicationListener;Lcom/badlogic/gdx/backends/lwjgl/LwjglApplicationConfiguration;)V+11
j  org.uqbar.project.wollok.game.gameboard.WollokGDXApplication.<init>(Lorg/uqbar/project/wollok/game/gameboard/Gameboard;Ljava/lang/Boolean;)V+17
j  org.uqbar.project.wollok.game.helpers.Application.start(Lorg/uqbar/project/wollok/game/gameboard/Gameboard;Ljava/lang/Boolean;)V+5
j  org.uqbar.project.wollok.game.gameboard.Gameboard.start(Ljava/lang/Boolean;)V+13
j  wollok.game.GameObject.doStart(Ljava/lang/Boolean;)V+12
v  ~StubRoutines::call_stub
J 3213  sun.reflect.NativeMethodAccessorImpl.invoke0(Ljava/lang/reflect/Method;Ljava/lang/Object;[Ljava/lang/Object;)Ljava/lang/Object; (0 bytes) @ 0x000001bd65a7e5bf [0x000001bd65a7e540+0x7f]
J 3212 C1 sun.reflect.NativeMethodAccessorImpl.invoke(Ljava/lang/Object;[Ljava/lang/Object;)Ljava/lang/Object; (104 bytes) @ 0x000001bd65a7f104 [0x000001bd65a7ed60+0x3a4]
J 2708 C1 sun.reflect.DelegatingMethodAccessorImpl.invoke(Ljava/lang/Object;[Ljava/lang/Object;)Ljava/lang/Object; (10 bytes) @ 0x000001bd65950404 [0x000001bd65950300+0x104]
J 2627 C1 java.lang.reflect.Method.invoke(Ljava/lang/Object;[Ljava/lang/Object;)Ljava/lang/Object; (62 bytes) @ 0x000001bd6592dbac [0x000001bd6592d7c0+0x3ec]
j  org.uqbar.project.wollok.ui.utils.XTendUtilExtensions.invokeConvertingArgs(Ljava/lang/reflect/Method;Ljava/lang/Object;[Ljava/lang/Object;)Lorg/uqbar/project/wollok/interpreter/core/WollokObject;+261
J 3520 C1 org.uqbar.project.wollok.interpreter.AbstractWollokCallable._invokeNative(Ljava/lang/Object;Ljava/lang/String;[Lorg/uqbar/project/wollok/interpreter/core/WollokObject;)Lorg/uqbar/project/wollok/interpreter/core/WollokObject; (49 bytes) @ 0x000001bd65b9ff64 [0x000001bd65b9fcc0+0x2a4]
J 3519 C1 org.uqbar.project.wollok.interpreter.AbstractWollokCallable.invokeNative(Ljava/lang/Object;Ljava/lang/String;[Lorg/uqbar/project/wollok/interpreter/core/WollokObject;)Lorg/uqbar/project/wollok/interpreter/core/WollokObject; (76 bytes) @ 0x000001bd65ba38ac [0x000001bd65ba2c60+0xc4c]
J 3610 C1 org.uqbar.project.wollok.interpreter.AbstractWollokCallable$1.apply()Lorg/uqbar/project/wollok/interpreter/core/WollokObject; (145 bytes) @ 0x000001bd65bfc1dc [0x000001bd65bfbb80+0x65c]
J 3609 C1 org.uqbar.project.wollok.interpreter.AbstractWollokCallable$1.apply()Ljava/lang/Object; (5 bytes) @ 0x000001bd65bfb6cc [0x000001bd65bfb640+0x8c]
J 3431 C1 org.uqbar.project.wollok.interpreter.threads.WThread.performOnStack(Lorg/eclipse/emf/ecore/EObject;Lorg/uqbar/project/wollok/interpreter/context/EvaluationContext;Lorg/eclipse/xtext/xbase/lib/Functions$Function0;)Lorg/uqbar/project/wollok/interpreter/core/WollokObject; (157 bytes) @ 0x000001bd65b4f6d4 [0x000001bd65b4f3c0+0x314]
J 3613 C1 org.uqbar.project.wollok.interpreter.AbstractWollokCallable.call(Lorg/uqbar/project/wollok/wollokDsl/WMethodDeclaration;[Lorg/uqbar/project/wollok/interpreter/core/WollokObject;)Lorg/uqbar/project/wollok/interpreter/core/WollokObject; (46 bytes) @ 0x000001bd65c028a4 [0x000001bd65c01be0+0xcc4]
J 3449 C1 org.uqbar.project.wollok.interpreter.core.WollokObject.call(Ljava/lang/String;[Lorg/uqbar/project/wollok/interpreter/core/WollokObject;)Lorg/uqbar/project/wollok/interpreter/core/WollokObject; (61 bytes) @ 0x000001bd65b5febc [0x000001bd65b5f800+0x6bc]
J 3689 C1 org.uqbar.project.wollok.interpreter.WollokInterpreterEvaluator._evaluate(Lorg/uqbar/project/wollok/wollokDsl/WFeatureCall;)Lorg/uqbar/project/wollok/interpreter/core/WollokObject; (125 bytes) @ 0x000001bd65c31794 [0x000001bd65c30600+0x1194]
J 3764 C1 org.uqbar.project.wollok.launch.WollokLauncherInterpreterEvaluator.evaluate(Lorg/eclipse/emf/ecore/EObject;)Lorg/uqbar/project/wollok/interpreter/core/WollokObject; (502 bytes) @ 0x000001bd65c79c8c [0x000001bd65c75ae0+0x41ac]
J 3762 C1 org.uqbar.project.wollok.interpreter.WollokInterpreter.eval(Lorg/eclipse/emf/ecore/EObject;)Lorg/uqbar/project/wollok/interpreter/core/WollokObject; (190 bytes) @ 0x000001bd65c711cc [0x000001bd65c707c0+0xa0c]
J 3738 C1 org.uqbar.project.wollok.interpreter.WollokInterpreterEvaluator$1.apply(Ljava/lang/Object;Ljava/lang/Object;)Ljava/lang/Object; (13 bytes) @ 0x000001bd65c55ee4 [0x000001bd65c55b60+0x384]
J 3331 C1 org.eclipse.xtext.xbase.lib.IterableExtensions.fold(Ljava/lang/Iterable;Ljava/lang/Object;Lorg/eclipse/xtext/xbase/lib/Functions$Function2;)Ljava/lang/Object; (12 bytes) @ 0x000001bd65ad066c [0x000001bd65ad03c0+0x2ac]
j  org.uqbar.project.wollok.interpreter.WollokInterpreterEvaluator.evalAll(Ljava/lang/Iterable;)Lorg/uqbar/project/wollok/interpreter/core/WollokObject;+12
j  org.uqbar.project.wollok.interpreter.WollokInterpreterEvaluator._evaluate(Lorg/uqbar/project/wollok/wollokDsl/WBlockExpression;)Lorg/uqbar/project/wollok/interpreter/core/WollokObject;+34
J 3764 C1 org.uqbar.project.wollok.launch.WollokLauncherInterpreterEvaluator.evaluate(Lorg/eclipse/emf/ecore/EObject;)Lorg/uqbar/project/wollok/interpreter/core/WollokObject; (502 bytes) @ 0x000001bd65c7d244 [0x000001bd65c75ae0+0x7764]
J 3762 C1 org.uqbar.project.wollok.interpreter.WollokInterpreter.eval(Lorg/eclipse/emf/ecore/EObject;)Lorg/uqbar/project/wollok/interpreter/core/WollokObject; (190 bytes) @ 0x000001bd65c711cc [0x000001bd65c707c0+0xa0c]
J 3610 C1 org.uqbar.project.wollok.interpreter.AbstractWollokCallable$1.apply()Lorg/uqbar/project/wollok/interpreter/core/WollokObject; (145 bytes) @ 0x000001bd65bfc51c [0x000001bd65bfbb80+0x99c]
J 3609 C1 org.uqbar.project.wollok.interpreter.AbstractWollokCallable$1.apply()Ljava/lang/Object; (5 bytes) @ 0x000001bd65bfb6cc [0x000001bd65bfb640+0x8c]
J 3431 C1 org.uqbar.project.wollok.interpreter.threads.WThread.performOnStack(Lorg/eclipse/emf/ecore/EObject;Lorg/uqbar/project/wollok/interpreter/context/EvaluationContext;Lorg/eclipse/xtext/xbase/lib/Functions$Function0;)Lorg/uqbar/project/wollok/interpreter/core/WollokObject; (157 bytes) @ 0x000001bd65b4f6d4 [0x000001bd65b4f3c0+0x314]
J 3613 C1 org.uqbar.project.wollok.interpreter.AbstractWollokCallable.call(Lorg/uqbar/project/wollok/wollokDsl/WMethodDeclaration;[Lorg/uqbar/project/wollok/interpreter/core/WollokObject;)Lorg/uqbar/project/wollok/interpreter/core/WollokObject; (46 bytes) @ 0x000001bd65c028a4 [0x000001bd65c01be0+0xcc4]
J 3449 C1 org.uqbar.project.wollok.interpreter.core.WollokObject.call(Ljava/lang/String;[Lorg/uqbar/project/wollok/interpreter/core/WollokObject;)Lorg/uqbar/project/wollok/interpreter/core/WollokObject; (61 bytes) @ 0x000001bd65b5febc [0x000001bd65b5f800+0x6bc]
J 3689 C1 org.uqbar.project.wollok.interpreter.WollokInterpreterEvaluator._evaluate(Lorg/uqbar/project/wollok/wollokDsl/WFeatureCall;)Lorg/uqbar/project/wollok/interpreter/core/WollokObject; (125 bytes) @ 0x000001bd65c31794 [0x000001bd65c30600+0x1194]
J 3764 C1 org.uqbar.project.wollok.launch.WollokLauncherInterpreterEvaluator.evaluate(Lorg/eclipse/emf/ecore/EObject;)Lorg/uqbar/project/wollok/interpreter/core/WollokObject; (502 bytes) @ 0x000001bd65c79c8c [0x000001bd65c75ae0+0x41ac]
J 3762 C1 org.uqbar.project.wollok.interpreter.WollokInterpreter.eval(Lorg/eclipse/emf/ecore/EObject;)Lorg/uqbar/project/wollok/interpreter/core/WollokObject; (190 bytes) @ 0x000001bd65c711cc [0x000001bd65c707c0+0xa0c]
J 3738 C1 org.uqbar.project.wollok.interpreter.WollokInterpreterEvaluator$1.apply(Ljava/lang/Object;Ljava/lang/Object;)Ljava/lang/Object; (13 bytes) @ 0x000001bd65c55ee4 [0x000001bd65c55b60+0x384]
j  org.eclipse.xtext.xbase.lib.IteratorExtensions.fold(Ljava/util/Iterator;Ljava/lang/Object;Lorg/eclipse/xtext/xbase/lib/Functions$Function2;)Ljava/lang/Object;+19
j  org.eclipse.xtext.xbase.lib.IterableExtensions.fold(Ljava/lang/Iterable;Ljava/lang/Object;Lorg/eclipse/xtext/xbase/lib/Functions$Function2;)Ljava/lang/Object;+8
j  org.uqbar.project.wollok.interpreter.WollokInterpreterEvaluator.evalAll(Ljava/lang/Iterable;)Lorg/uqbar/project/wollok/interpreter/core/WollokObject;+12
j  org.uqbar.project.wollok.interpreter.WollokInterpreterEvaluator._evaluate(Lorg/uqbar/project/wollok/wollokDsl/WProgram;)Lorg/uqbar/project/wollok/interpreter/core/WollokObject;+18
j  org.uqbar.project.wollok.launch.WollokLauncherInterpreterEvaluator.evaluate(Lorg/eclipse/emf/ecore/EObject;)Lorg/uqbar/project/wollok/interpreter/core/WollokObject;+444
j  org.uqbar.project.wollok.interpreter.WollokInterpreterEvaluator.evaluate(Lorg/eclipse/emf/ecore/EObject;)Ljava/lang/Object;+2
j  org.uqbar.project.wollok.interpreter.WollokInterpreter.eval(Lorg/eclipse/emf/ecore/EObject;)Lorg/uqbar/project/wollok/interpreter/core/WollokObject;+63
j  org.uqbar.project.wollok.interpreter.WollokInterpreterEvaluator.eval(Lorg/eclipse/emf/ecore/EObject;)Lorg/uqbar/project/wollok/interpreter/core/WollokObject;+5
j  org.uqbar.project.wollok.launch.WollokLauncherInterpreterEvaluator._evaluate(Lorg/uqbar/project/wollok/wollokDsl/WFile;)Lorg/uqbar/project/wollok/interpreter/core/WollokObject;+32
j  org.uqbar.project.wollok.launch.WollokLauncherInterpreterEvaluator.evaluate(Lorg/eclipse/emf/ecore/EObject;)Lorg/uqbar/project/wollok/interpreter/core/WollokObject;+428
j  org.uqbar.project.wollok.interpreter.WollokInterpreterEvaluator.evaluate(Lorg/eclipse/emf/ecore/EObject;)Ljava/lang/Object;+2
j  org.uqbar.project.wollok.interpreter.WollokInterpreter.interpret(Lorg/eclipse/emf/ecore/EObject;Ljava/lang/Boolean;)Lorg/uqbar/project/wollok/interpreter/core/WollokObject;+25
j  org.uqbar.project.wollok.interpreter.WollokInterpreter.interpret(Lorg/eclipse/emf/ecore/EObject;)Lorg/uqbar/project/wollok/interpreter/core/WollokObject;+8
j  org.uqbar.project.wollok.launch.WollokLauncher.doSomething(Lorg/uqbar/project/wollok/wollokDsl/WFile;Lcom/google/inject/Injector;Ljava/io/File;Lorg/uqbar/project/wollok/launch/WollokLauncherParameters;)V+109
j  org.uqbar.project.wollok.launch.WollokChecker.launch(Ljava/lang/String;Lorg/uqbar/project/wollok/launch/WollokLauncherParameters;)V+31
j  org.uqbar.project.wollok.launch.WollokChecker.doMain([Ljava/lang/String;)V+205
j  org.uqbar.project.wollok.launch.WollokLauncher.main([Ljava/lang/String;)V+8
v  ~StubRoutines::call_stub

---------------  P R O C E S S  ---------------

Java Threads: ( => current thread )
  0x000001bd7c676800 JavaThread "com.google.inject.internal.util.$Finalizer" daemon [_thread_blocked, id=6856, stack(0x000000b666200000,0x000000b666300000)]
  0x000001bd7c75d000 JavaThread "EMF Reference Cleaner" daemon [_thread_blocked, id=17512, stack(0x000000b666100000,0x000000b666200000)]
  0x000001bd7b90b800 JavaThread "Service Thread" daemon [_thread_blocked, id=22064, stack(0x000000b665f00000,0x000000b666000000)]
  0x000001bd7940c000 JavaThread "C1 CompilerThread3" daemon [_thread_blocked, id=18016, stack(0x000000b665e00000,0x000000b665f00000)]
  0x000001bd793fe000 JavaThread "C2 CompilerThread2" daemon [_thread_blocked, id=13336, stack(0x000000b665d00000,0x000000b665e00000)]
  0x000001bd793fb800 JavaThread "C2 CompilerThread1" daemon [_thread_blocked, id=19760, stack(0x000000b665c00000,0x000000b665d00000)]
  0x000001bd79401800 JavaThread "C2 CompilerThread0" daemon [_thread_blocked, id=18260, stack(0x000000b665b00000,0x000000b665c00000)]
  0x000001bd793f4800 JavaThread "Attach Listener" daemon [_thread_blocked, id=8236, stack(0x000000b665a00000,0x000000b665b00000)]
  0x000001bd793f3800 JavaThread "Signal Dispatcher" daemon [_thread_blocked, id=17896, stack(0x000000b665900000,0x000000b665a00000)]
  0x000001bd793c9000 JavaThread "Finalizer" daemon [_thread_blocked, id=12324, stack(0x000000b665800000,0x000000b665900000)]
  0x000001bd793c1000 JavaThread "Reference Handler" daemon [_thread_blocked, id=24004, stack(0x000000b665700000,0x000000b665800000)]
=>0x000001bd63721800 JavaThread "main" [_thread_in_native, id=5736, stack(0x000000b664b00000,0x000000b664c00000)]

Other Threads:
  0x000001bd79399000 VMThread [stack: 0x000000b665600000,0x000000b665700000] [id=23112]
  0x000001bd7b90c800 WatcherThread [stack: 0x000000b666000000,0x000000b666100000] [id=10416]

VM state:not at safepoint (normal execution)

VM Mutex/Monitor currently owned by a thread: None

heap address: 0x000000008a400000, size: 1884 MB, Compressed Oops mode: 32-bit
Narrow klass base: 0x0000000000000000, Narrow klass shift: 3
Compressed class space size: 1073741824 Address: 0x0000000100000000

Heap:
 PSYoungGen      total 127488K, used 79110K [0x00000000d8c00000, 0x00000000e0d00000, 0x0000000100000000)
  eden space 122880K, 64% used [0x00000000d8c00000,0x00000000dd9419f0,0x00000000e0400000)
  from space 4608K, 0% used [0x00000000e0880000,0x00000000e0880000,0x00000000e0d00000)
  to   space 4608K, 0% used [0x00000000e0400000,0x00000000e0400000,0x00000000e0880000)
 ParOldGen       total 79872K, used 22318K [0x000000008a400000, 0x000000008f200000, 0x00000000d8c00000)
  object space 79872K, 27% used [0x000000008a400000,0x000000008b9cb9e8,0x000000008f200000)
 Metaspace       used 22321K, capacity 22696K, committed 22912K, reserved 1069056K
  class space    used 2781K, capacity 2892K, committed 2944K, reserved 1048576K

Card table byte_map: [0x000001bd74470000,0x000001bd74820000] byte_map_base: 0x000001bd7401e000

Marking Bits: (ParMarkBitMap*) 0x00000000547af7f0
 Begin Bits: [0x000001bd74aa0000, 0x000001bd76810000)
 End Bits:   [0x000001bd76810000, 0x000001bd78580000)

Polling page: 0x000001bd63840000

CodeCache: size=245760Kb used=12406Kb max_used=12414Kb free=233353Kb
 bounds [0x000001bd650b0000, 0x000001bd65ce0000, 0x000001bd740b0000]
 total_blobs=4295 nmethods=3843 adapters=364
 compilation: enabled

Compilation events (10 events):
Event: 3.802 Thread 0x000001bd7940c000 3847       3       java.nio.DirectByteBuffer::put (18 bytes)
Event: 3.803 Thread 0x000001bd7940c000 nmethod 3847 0x000001bd65cd5390 code [0x000001bd65cd5500, 0x000001bd65cd5778]
Event: 3.803 Thread 0x000001bd7940c000 3848       1       java.nio.DirectByteBuffer::ix (10 bytes)
Event: 3.803 Thread 0x000001bd7940c000 nmethod 3848 0x000001bd65cd5890 code [0x000001bd65cd59e0, 0x000001bd65cd5af8]
Event: 3.810 Thread 0x000001bd793fb800 3849  s    4       java.lang.Throwable::fillInStackTrace (29 bytes)
Event: 3.810 Thread 0x000001bd7940c000 3851       3       java.lang.Class::argumentTypesToString (79 bytes)
Event: 3.812 Thread 0x000001bd7940c000 nmethod 3851 0x000001bd65cd5b50 code [0x000001bd65cd5d80, 0x000001bd65cd69e0]
Event: 3.812 Thread 0x000001bd7940c000 3850       3       java.lang.ReflectiveOperationException::<init> (6 bytes)
Event: 3.812 Thread 0x000001bd793fb800 nmethod 3849 0x000001bd65cd9dd0 code [0x000001bd65cd9f20, 0x000001bd65cda228]
Event: 3.812 Thread 0x000001bd7940c000 nmethod 3850 0x000001bd65cd9990 code [0x000001bd65cd9b00, 0x000001bd65cd9cf0]

GC Heap History (10 events):
Event: 0.634 GC heap before
{Heap before GC invocations=1 (full 0):
 PSYoungGen      total 35328K, used 30720K [0x00000000d8c00000, 0x00000000db300000, 0x0000000100000000)
  eden space 30720K, 100% used [0x00000000d8c00000,0x00000000daa00000,0x00000000daa00000)
  from space 4608K, 0% used [0x00000000dae80000,0x00000000dae80000,0x00000000db300000)
  to   space 4608K, 0% used [0x00000000daa00000,0x00000000daa00000,0x00000000dae80000)
 ParOldGen       total 80896K, used 0K [0x000000008a400000, 0x000000008f300000, 0x00000000d8c00000)
  object space 80896K, 0% used [0x000000008a400000,0x000000008a400000,0x000000008f300000)
 Metaspace       used 7198K, capacity 7386K, committed 7552K, reserved 1056768K
  class space    used 789K, capacity 869K, committed 896K, reserved 1048576K
Event: 0.643 GC heap after
Heap after GC invocations=1 (full 0):
 PSYoungGen      total 35328K, used 4593K [0x00000000d8c00000, 0x00000000dd100000, 0x0000000100000000)
  eden space 30720K, 0% used [0x00000000d8c00000,0x00000000d8c00000,0x00000000daa00000)
  from space 4608K, 99% used [0x00000000daa00000,0x00000000dae7c750,0x00000000dae80000)
  to   space 4608K, 0% used [0x00000000dcc80000,0x00000000dcc80000,0x00000000dd100000)
 ParOldGen       total 80896K, used 3046K [0x000000008a400000, 0x000000008f300000, 0x00000000d8c00000)
  object space 80896K, 3% used [0x000000008a400000,0x000000008a6f9868,0x000000008f300000)
 Metaspace       used 7198K, capacity 7386K, committed 7552K, reserved 1056768K
  class space    used 789K, capacity 869K, committed 896K, reserved 1048576K
}
Event: 0.985 GC heap before
{Heap before GC invocations=2 (full 0):
 PSYoungGen      total 35328K, used 35313K [0x00000000d8c00000, 0x00000000dd100000, 0x0000000100000000)
  eden space 30720K, 100% used [0x00000000d8c00000,0x00000000daa00000,0x00000000daa00000)
  from space 4608K, 99% used [0x00000000daa00000,0x00000000dae7c750,0x00000000dae80000)
  to   space 4608K, 0% used [0x00000000dcc80000,0x00000000dcc80000,0x00000000dd100000)
 ParOldGen       total 80896K, used 3046K [0x000000008a400000, 0x000000008f300000, 0x00000000d8c00000)
  object space 80896K, 3% used [0x000000008a400000,0x000000008a6f9868,0x000000008f300000)
 Metaspace       used 9985K, capacity 10188K, committed 10368K, reserved 1058816K
  class space    used 1194K, capacity 1288K, committed 1408K, reserved 1048576K
Event: 0.997 GC heap after
Heap after GC invocations=2 (full 0):
 PSYoungGen      total 66048K, used 4603K [0x00000000d8c00000, 0x00000000dd100000, 0x0000000100000000)
  eden space 61440K, 0% used [0x00000000d8c00000,0x00000000d8c00000,0x00000000dc800000)
  from space 4608K, 99% used [0x00000000dcc80000,0x00000000dd0fee68,0x00000000dd100000)
  to   space 4608K, 0% used [0x00000000dc800000,0x00000000dc800000,0x00000000dcc80000)
 ParOldGen       total 80896K, used 10901K [0x000000008a400000, 0x000000008f300000, 0x00000000d8c00000)
  object space 80896K, 13% used [0x000000008a400000,0x000000008aea5460,0x000000008f300000)
 Metaspace       used 9985K, capacity 10188K, committed 10368K, reserved 1058816K
  class space    used 1194K, capacity 1288K, committed 1408K, reserved 1048576K
}
Event: 1.903 GC heap before
{Heap before GC invocations=3 (full 0):
 PSYoungGen      total 66048K, used 66043K [0x00000000d8c00000, 0x00000000dd100000, 0x0000000100000000)
  eden space 61440K, 100% used [0x00000000d8c00000,0x00000000dc800000,0x00000000dc800000)
  from space 4608K, 99% used [0x00000000dcc80000,0x00000000dd0fee68,0x00000000dd100000)
  to   space 4608K, 0% used [0x00000000dc800000,0x00000000dc800000,0x00000000dcc80000)
 ParOldGen       total 80896K, used 10901K [0x000000008a400000, 0x000000008f300000, 0x00000000d8c00000)
  object space 80896K, 13% used [0x000000008a400000,0x000000008aea5460,0x000000008f300000)
 Metaspace       used 16619K, capacity 16782K, committed 17024K, reserved 1064960K
  class space    used 2075K, capacity 2131K, committed 2176K, reserved 1048576K
Event: 1.930 GC heap after
Heap after GC invocations=3 (full 0):
 PSYoungGen      total 66048K, used 4593K [0x00000000d8c00000, 0x00000000e0d00000, 0x0000000100000000)
  eden space 61440K, 0% used [0x00000000d8c00000,0x00000000d8c00000,0x00000000dc800000)
  from space 4608K, 99% used [0x00000000dc800000,0x00000000dcc7c7d0,0x00000000dcc80000)
  to   space 4608K, 0% used [0x00000000e0880000,0x00000000e0880000,0x00000000e0d00000)
 ParOldGen       total 80896K, used 22917K [0x000000008a400000, 0x000000008f300000, 0x00000000d8c00000)
  object space 80896K, 28% used [0x000000008a400000,0x000000008ba616f8,0x000000008f300000)
 Metaspace       used 16619K, capacity 16782K, committed 17024K, reserved 1064960K
  class space    used 2075K, capacity 2131K, committed 2176K, reserved 1048576K
}
Event: 2.862 GC heap before
{Heap before GC invocations=4 (full 0):
 PSYoungGen      total 66048K, used 47178K [0x00000000d8c00000, 0x00000000e0d00000, 0x0000000100000000)
  eden space 61440K, 69% used [0x00000000d8c00000,0x00000000db596290,0x00000000dc800000)
  from space 4608K, 99% used [0x00000000dc800000,0x00000000dcc7c7d0,0x00000000dcc80000)
  to   space 4608K, 0% used [0x00000000e0880000,0x00000000e0880000,0x00000000e0d00000)
 ParOldGen       total 80896K, used 22917K [0x000000008a400000, 0x000000008f300000, 0x00000000d8c00000)
  object space 80896K, 28% used [0x000000008a400000,0x000000008ba616f8,0x000000008f300000)
 Metaspace       used 20835K, capacity 21116K, committed 21248K, reserved 1067008K
  class space    used 2646K, capacity 2746K, committed 2816K, reserved 1048576K
Event: 2.880 GC heap after
Heap after GC invocations=4 (full 0):
 PSYoungGen      total 127488K, used 4579K [0x00000000d8c00000, 0x00000000e0d00000, 0x0000000100000000)
  eden space 122880K, 0% used [0x00000000d8c00000,0x00000000d8c00000,0x00000000e0400000)
  from space 4608K, 99% used [0x00000000e0880000,0x00000000e0cf8fb0,0x00000000e0d00000)
  to   space 4608K, 0% used [0x00000000e0400000,0x00000000e0400000,0x00000000e0880000)
 ParOldGen       total 80896K, used 28182K [0x000000008a400000, 0x000000008f300000, 0x00000000d8c00000)
  object space 80896K, 34% used [0x000000008a400000,0x000000008bf85ac0,0x000000008f300000)
 Metaspace       used 20835K, capacity 21116K, committed 21248K, reserved 1067008K
  class space    used 2646K, capacity 2746K, committed 2816K, reserved 1048576K
}
Event: 2.880 GC heap before
{Heap before GC invocations=5 (full 1):
 PSYoungGen      total 127488K, used 4579K [0x00000000d8c00000, 0x00000000e0d00000, 0x0000000100000000)
  eden space 122880K, 0% used [0x00000000d8c00000,0x00000000d8c00000,0x00000000e0400000)
  from space 4608K, 99% used [0x00000000e0880000,0x00000000e0cf8fb0,0x00000000e0d00000)
  to   space 4608K, 0% used [0x00000000e0400000,0x00000000e0400000,0x00000000e0880000)
 ParOldGen       total 80896K, used 28182K [0x000000008a400000, 0x000000008f300000, 0x00000000d8c00000)
  object space 80896K, 34% used [0x000000008a400000,0x000000008bf85ac0,0x000000008f300000)
 Metaspace       used 20835K, capacity 21116K, committed 21248K, reserved 1067008K
  class space    used 2646K, capacity 2746K, committed 2816K, reserved 1048576K
Event: 2.932 GC heap after
Heap after GC invocations=5 (full 1):
 PSYoungGen      total 127488K, used 0K [0x00000000d8c00000, 0x00000000e0d00000, 0x0000000100000000)
  eden space 122880K, 0% used [0x00000000d8c00000,0x00000000d8c00000,0x00000000e0400000)
  from space 4608K, 0% used [0x00000000e0880000,0x00000000e0880000,0x00000000e0d00000)
  to   space 4608K, 0% used [0x00000000e0400000,0x00000000e0400000,0x00000000e0880000)
 ParOldGen       total 79872K, used 22318K [0x000000008a400000, 0x000000008f200000, 0x00000000d8c00000)
  object space 79872K, 27% used [0x000000008a400000,0x000000008b9cb9e8,0x000000008f200000)
 Metaspace       used 20835K, capacity 21116K, committed 21248K, reserved 1067008K
  class space    used 2646K, capacity 2746K, committed 2816K, reserved 1048576K
}

Deoptimization events (10 events):
Event: 2.504 Thread 0x000001bd63721800 Uncommon trap: reason=class_check action=maybe_recompile pc=0x000001bd6567cf78 method=org.eclipse.emf.common.util.AbstractEList$EIterator.doNext()Ljava/lang/Object; @ 13
Event: 2.504 Thread 0x000001bd63721800 Uncommon trap: reason=unstable_if action=reinterpret pc=0x000001bd657359c4 method=org.antlr.runtime.ANTLRStringStream.mark()I @ 4
Event: 2.629 Thread 0x000001bd63721800 Uncommon trap: reason=bimorphic action=maybe_recompile pc=0x000001bd658b276c method=java.util.Arrays.equals([Ljava/lang/Object;[Ljava/lang/Object;)Z @ 62
Event: 2.630 Thread 0x000001bd63721800 Uncommon trap: reason=bimorphic action=maybe_recompile pc=0x000001bd658b276c method=java.util.Arrays.equals([Ljava/lang/Object;[Ljava/lang/Object;)Z @ 62
Event: 2.655 Thread 0x000001bd63721800 Uncommon trap: reason=bimorphic action=maybe_recompile pc=0x000001bd658b276c method=java.util.Arrays.equals([Ljava/lang/Object;[Ljava/lang/Object;)Z @ 62
Event: 2.655 Thread 0x000001bd63721800 Uncommon trap: reason=bimorphic action=maybe_recompile pc=0x000001bd658b276c method=java.util.Arrays.equals([Ljava/lang/Object;[Ljava/lang/Object;)Z @ 62
Event: 2.713 Thread 0x000001bd63721800 Uncommon trap: reason=unstable_if action=reinterpret pc=0x000001bd6559f6f0 method=java.util.concurrent.ConcurrentHashMap.putVal(Ljava/lang/Object;Ljava/lang/Object;Z)Ljava/lang/Object; @ 181
Event: 3.584 Thread 0x000001bd63721800 Uncommon trap: reason=unstable_if action=reinterpret pc=0x000001bd65408fe0 method=java.io.WinNTFileSystem.normalize(Ljava/lang/String;)Ljava/lang/String; @ 49
Event: 3.601 Thread 0x000001bd63721800 Uncommon trap: reason=predicate action=maybe_recompile pc=0x000001bd654ee4e0 method=java.lang.String.regionMatches(ZILjava/lang/String;II)Z @ 63
Event: 3.774 Thread 0x000001bd63721800 Uncommon trap: reason=unstable_if action=reinterpret pc=0x000001bd6544b384 method=java.lang.ThreadLocal$ThreadLocalMap.getEntry(Ljava/lang/ThreadLocal;)Ljava/lang/ThreadLocal$ThreadLocalMap$Entry; @ 29

Classes redefined (0 events):
No events

Internal exceptions (10 events):
Event: 2.823 Thread 0x000001bd63721800 Exception <a 'java/lang/reflect/InvocationTargetException'> (0x00000000db22e2d0) thrown at [J:\jenkins\tmp\workspace\build\src\hotspot\src\share\vm\runtime\reflection.cpp, line 1092]
Event: 2.826 Thread 0x000001bd63721800 Exception <a 'java/lang/reflect/InvocationTargetException'> (0x00000000db26ffa8) thrown at [J:\jenkins\tmp\workspace\build\src\hotspot\src\share\vm\runtime\reflection.cpp, line 1092]
Event: 2.827 Thread 0x000001bd63721800 Exception <a 'java/lang/reflect/InvocationTargetException'> (0x00000000db28c390) thrown at [J:\jenkins\tmp\workspace\build\src\hotspot\src\share\vm\runtime\reflection.cpp, line 1092]
Event: 2.828 Thread 0x000001bd63721800 Exception <a 'java/lang/reflect/InvocationTargetException'> (0x00000000db2a87b8) thrown at [J:\jenkins\tmp\workspace\build\src\hotspot\src\share\vm\runtime\reflection.cpp, line 1092]
Event: 3.810 Thread 0x000001bd63721800 Exception <a 'java/security/PrivilegedActionException'> (0x00000000dd778ba8) thrown at [J:\jenkins\tmp\workspace\build\src\hotspot\src\share\vm\prims\jvm.cpp, line 1514]
Event: 3.810 Thread 0x000001bd63721800 Exception <a 'java/security/PrivilegedActionException'> (0x00000000dd77a0d8) thrown at [J:\jenkins\tmp\workspace\build\src\hotspot\src\share\vm\prims\jvm.cpp, line 1514]
Event: 3.810 Thread 0x000001bd63721800 Exception <a 'java/security/PrivilegedActionException'> (0x00000000dd77b898) thrown at [J:\jenkins\tmp\workspace\build\src\hotspot\src\share\vm\prims\jvm.cpp, line 1514]
Event: 3.810 Thread 0x000001bd63721800 Exception <a 'java/security/PrivilegedActionException'> (0x00000000dd77cf58) thrown at [J:\jenkins\tmp\workspace\build\src\hotspot\src\share\vm\prims\jvm.cpp, line 1514]
Event: 3.810 Thread 0x000001bd63721800 Exception <a 'java/security/PrivilegedActionException'> (0x00000000dd77e350) thrown at [J:\jenkins\tmp\workspace\build\src\hotspot\src\share\vm\prims\jvm.cpp, line 1514]
Event: 3.810 Thread 0x000001bd63721800 Exception <a 'java/security/PrivilegedActionException'> (0x00000000dd77f718) thrown at [J:\jenkins\tmp\workspace\build\src\hotspot\src\share\vm\prims\jvm.cpp, line 1514]

Events (10 events):
Event: 3.834 loading class org/lwjgl/openal/ALCdevice
Event: 3.834 loading class org/lwjgl/openal/ALCdevice done
Event: 3.835 loading class org/lwjgl/openal/ALCcontext
Event: 3.835 loading class org/lwjgl/openal/ALCcontext done
Event: 3.835 loading class java/nio/DirectIntBufferU
Event: 3.835 loading class java/nio/DirectIntBufferU done
Event: 3.835 loading class org/lwjgl/openal/Util
Event: 3.835 loading class org/lwjgl/openal/Util done
Event: 3.836 loading class org/lwjgl/openal/OpenALException
Event: 3.836 loading class org/lwjgl/openal/OpenALException done


Dynamic libraries:
0x00007ff7cdc50000 - 0x00007ff7cdc95000 	C:\wollok\jre\bin\javaw.exe
0x00007fff7cc10000 - 0x00007fff7ce24000 	C:\Windows\SYSTEM32\ntdll.dll
0x00007fff7b4e0000 - 0x00007fff7b5a4000 	C:\Windows\System32\KERNEL32.DLL
0x00007fff7a160000 - 0x00007fff7a504000 	C:\Windows\System32\KERNELBASE.dll
0x00007fff7c750000 - 0x00007fff7c800000 	C:\Windows\System32\ADVAPI32.dll
0x00007fff7bfa0000 - 0x00007fff7c047000 	C:\Windows\System32\msvcrt.dll
0x00007fff7c8e0000 - 0x00007fff7c986000 	C:\Windows\System32\sechost.dll
0x00007fff7c5b0000 - 0x00007fff7c6c7000 	C:\Windows\System32\RPCRT4.dll
0x00007fff7c9f0000 - 0x00007fff7cb9e000 	C:\Windows\System32\USER32.dll
0x00007fff7a5b0000 - 0x00007fff7a5d6000 	C:\Windows\System32\win32u.dll
0x00007fff7cba0000 - 0x00007fff7cbc9000 	C:\Windows\System32\GDI32.dll
0x00007fff7a040000 - 0x00007fff7a158000 	C:\Windows\System32\gdi32full.dll
0x00007fff7a510000 - 0x00007fff7a5aa000 	C:\Windows\System32\msvcp_win.dll
0x00007fff7a650000 - 0x00007fff7a761000 	C:\Windows\System32\ucrtbase.dll
0x00007fff60a70000 - 0x00007fff60d03000 	C:\Windows\WinSxS\amd64_microsoft.windows.common-controls_6595b64144ccf1df_6.0.22621.2215_none_270d72677387dfc3\COMCTL32.dll
0x00007fff7c200000 - 0x00007fff7c231000 	C:\Windows\System32\IMM32.DLL
0x00007fff68b40000 - 0x00007fff68b55000 	C:\wollok\jre\jre\bin\vcruntime140.dll
0x00007fff47980000 - 0x00007fff47a1b000 	C:\wollok\jre\jre\bin\msvcp140.dll
0x0000000053fd0000 - 0x0000000054828000 	C:\wollok\jre\jre\bin\server\jvm.dll
0x00007fff7c4f0000 - 0x00007fff7c4f8000 	C:\Windows\System32\PSAPI.DLL
0x00007fff71f50000 - 0x00007fff71f84000 	C:\Windows\SYSTEM32\WINMM.dll
0x00007fff718f0000 - 0x00007fff718fa000 	C:\Windows\SYSTEM32\VERSION.dll
0x00007fff769d0000 - 0x00007fff769d9000 	C:\Windows\SYSTEM32\WSOCK32.dll
0x00007fff7c6d0000 - 0x00007fff7c741000 	C:\Windows\System32\WS2_32.dll
0x00007fff79010000 - 0x00007fff79028000 	C:\Windows\SYSTEM32\kernel.appcore.dll
0x00007fff76350000 - 0x00007fff76360000 	C:\wollok\jre\jre\bin\verify.dll
0x00007fff6fc50000 - 0x00007fff6fc7b000 	C:\wollok\jre\jre\bin\java.dll
0x00007fff6d540000 - 0x00007fff6d558000 	C:\wollok\jre\jre\bin\zip.dll
0x00007fff7b770000 - 0x00007fff7bf93000 	C:\Windows\System32\SHELL32.dll
0x00007fff77f50000 - 0x00007fff7883a000 	C:\Windows\SYSTEM32\windows.storage.dll
0x00007fff7ac30000 - 0x00007fff7afba000 	C:\Windows\System32\combase.dll
0x00007fff77e10000 - 0x00007fff77f4e000 	C:\Windows\SYSTEM32\wintypes.dll
0x00007fff7c3f0000 - 0x00007fff7c4e3000 	C:\Windows\System32\SHCORE.dll
0x00007fff7aaa0000 - 0x00007fff7aafe000 	C:\Windows\System32\shlwapi.dll
0x00007fff79ef0000 - 0x00007fff79f16000 	C:\Windows\SYSTEM32\profapi.dll
0x0000000065580000 - 0x0000000065616000 	C:\Users\Acer\AppData\Local\Temp\libgdxAcer\12dfaa03\gdx64.dll
0x00007fff796e0000 - 0x00007fff796fb000 	C:\Windows\SYSTEM32\CRYPTSP.dll
0x00007fff78f80000 - 0x00007fff78fb5000 	C:\Windows\system32\rsaenh.dll
0x00007fff79580000 - 0x00007fff795ac000 	C:\Windows\SYSTEM32\USERENV.dll
0x00007fff798a0000 - 0x00007fff798c8000 	C:\Windows\SYSTEM32\bcrypt.dll
0x00007fff79fc0000 - 0x00007fff7a03a000 	C:\Windows\System32\bcryptprimitives.dll
0x00007fff79700000 - 0x00007fff7970c000 	C:\Windows\SYSTEM32\CRYPTBASE.dll
0x00007fff68b80000 - 0x00007fff68b9c000 	C:\wollok\jre\jre\bin\net.dll
0x00007fff79490000 - 0x00007fff794f9000 	C:\Windows\system32\mswsock.dll
0x00007fff78aa0000 - 0x00007fff78acd000 	C:\Windows\SYSTEM32\IPHLPAPI.DLL
0x00007fff7ac20000 - 0x00007fff7ac29000 	C:\Windows\System32\NSI.dll
0x00007fff73cd0000 - 0x00007fff73ce9000 	C:\Windows\SYSTEM32\dhcpcsvc6.DLL
0x00007fff73420000 - 0x00007fff7343f000 	C:\Windows\SYSTEM32\dhcpcsvc.DLL
0x00007fff78ad0000 - 0x00007fff78bc2000 	C:\Windows\SYSTEM32\DNSAPI.dll
0x00007fff68ad0000 - 0x00007fff68ae3000 	C:\wollok\jre\jre\bin\nio.dll
0x0000000180000000 - 0x0000000180053000 	C:\Users\Acer\AppData\Local\Temp\libgdxAcer\dc0f0009\lwjgl64.dll
0x00007fff45e20000 - 0x00007fff45f20000 	C:\Windows\SYSTEM32\OPENGL32.dll
0x00007fff4cd30000 - 0x00007fff4cd5d000 	C:\Windows\SYSTEM32\GLU32.dll
0x00007fff77870000 - 0x00007fff778a8000 	C:\Windows\SYSTEM32\dxcore.dll
0x000001bd7f560000 - 0x000001bd7f5c4000 	C:\Users\Acer\AppData\Local\Temp\libgdxAcer\dc0f0009\OpenAL64.dll
0x00007fff7c240000 - 0x00007fff7c3de000 	C:\Windows\System32\ole32.dll
0x00007fff774a0000 - 0x00007fff7754b000 	C:\Windows\system32\uxtheme.dll
0x00007fff7c500000 - 0x00007fff7c5b0000 	C:\Windows\System32\clbcatq.dll
0x00007fff5a020000 - 0x00007fff5a0c2000 	C:\Windows\SYSTEM32\dsound.dll
0x00007fff79e90000 - 0x00007fff79edd000 	C:\Windows\SYSTEM32\powrprof.dll
0x00007fff67da0000 - 0x00007fff67dc9000 	C:\Windows\SYSTEM32\winmmbase.dll
0x00007fff40120000 - 0x00007fff401d1000 	C:\Windows\SYSTEM32\ResampleDmo.DLL
0x00007fff7c800000 - 0x00007fff7c8d7000 	C:\Windows\System32\OLEAUT32.dll
0x00007fff6cc30000 - 0x00007fff6cc3b000 	C:\Windows\SYSTEM32\msdmo.dll
0x00007fff79e70000 - 0x00007fff79e83000 	C:\Windows\SYSTEM32\UMPDC.dll
0x00007fff74230000 - 0x00007fff742cd000 	C:\Windows\System32\MMDevApi.dll
0x00007fff79b90000 - 0x00007fff79bbc000 	C:\Windows\System32\DEVOBJ.dll
0x00007fff79bc0000 - 0x00007fff79c0e000 	C:\Windows\SYSTEM32\cfgmgr32.dll
0x00007fff69110000 - 0x00007fff692fc000 	C:\Windows\SYSTEM32\AUDIOSES.DLL
0x00007fff75630000 - 0x00007fff7585e000 	C:\Windows\SYSTEM32\dbghelp.dll

VM Arguments:
jvm_args: -Duser.language=es_AR -Dfile.encoding=UTF-8 
java_command: org.uqbar.project.wollok.launch.WollokLauncher -requestsPort 0 -eventsPort 0 -folder -dontValidate -wf src/juego.wpgm -darkMode
java_class_path (initial): C:\Users\Acer\git\2023s2-tp-game-grupo-8\bin;C:\wollok\plugins\com.ibm.icu_64.2.0.v20190507-1337.jar;C:\wollok\plugins\org.eclipse.xtext_2.20.0.v20191202-0915.jar;C:\wollok\plugins\org.eclipse.emf.ecore.xmi_2.16.0.v20190528-0725.jar;C:\wollok\plugins\org.eclipse.emf.ecore_2.20.0.v20190920-0401.jar;C:\wollok\plugins\org.eclipse.emf.common_2.17.0.v20190920-0401.jar;C:\wollok\plugins\org.antlr.runtime_3.2.0.v201101311130.jar;C:\wollok\plugins\com.google.inject_3.0.0.v201605172100.jar;C:\wollok\plugins\org.eclipse.emf.mwe.core_1.5.1.v20191121-1148.jar;C:\wollok\plugins\org.apache.commons.cli_1.2.0.v201404270220.jar;C:\wollok\plugins\org.eclipse.emf.mwe2.runtime_2.11.1.v20191121-1148.jar;C:\wollok\plugins\org.eclipse.emf.mwe.utils_1.5.1.v20191121-1148.jar;C:\wollok\plugins\org.eclipse.xtext.util_2.20.0.v20191202-0915.jar;C:\wollok\plugins\com.google.guava_27.1.0.v20190517-1946.jar;C:\wollok\plugins\javax.inject_1.0.0.v20091030.jar;C:\wollok\plugins\org.eclipse.xtext.generator_2.20.0.v20191202-0933.jar;C:\wollok\plugins\org.eclipse.xtext.xtext.generator_2.20.0.v20191202-0915.jar;C:\wollok\plugins\org.eclipse.xtext.xbase.lib_2.20.0.v20191202-0907.jar;C:\wollok\plugins\org.eclipse.emf.codegen.ecore_2.20.0.v20191012-0918.jar;C:\wollok\plugins\org.eclipse.emf.codegen_2.19.0.v20190821-1536.jar;C:\wollok\plugins\org.eclipse.xtend_2.2.0.v201605260315.jar;C:\wollok\plugins\org.eclipse.xpand_2.2.0.v201605260315.jar;C:\wollok\plugins\org.eclipse.xtend.typesystem.emf_2.2.0.v201605260315.jar;C:\wollok\plugins\org.uqbar.project.wollok_3.0.0.jar;C:\wollok\plugins\org.eclipse.xtext.xbase_2.20.0.v20191202-0933.jar;C:\wollok\plugins\org.eclipse.xtext.common.types_2.20.0.v20191202-0933.jar;C:\wollok\plugins\org.eclipse.xtend.lib_2.20.0.v20191202-0907.jar;C:\wollok\plugins\org.eclipse.xtend.lib.macro_2.20.0.v20191202-0907.jar;C:\wollok\plugins\org.apache.commons.collections_3.2.2.v201511171945.jar;C:\wollok\plugins\org.uqbar.project.wollok.launch_3.0.0.jar;C:\wo
Launcher Type: SUN_STANDARD

Environment Variables:
PATH=C:/wollok/jre/bin/../jre/bin/server;C:/wollok/jre/bin/../jre/bin;C:/wollok/jre/bin/../jre/lib/amd64;C:\Program Files\Eclipse Adoptium\jdk-8.0.362.9-hotspot\bin;C:\Windows\system32;C:\Windows;C:\Windows\System32\Wbem;C:\Windows\System32\WindowsPowerShell\v1.0\;C:\Windows\System32\OpenSSH\;C:\Users\Acer\AppData\Local\Programs\Python\Python310\Scripts\;C:\Users\Acer\AppData\Local\Programs\Python\Python310\;C:\Users\Acer\AppData\Local\Microsoft\WindowsApps;;C:\Users\Acer\AppData\Local\Programs\Microsoft VS Code\bin;C:\wollok;
USERNAME=Acer
OS=Windows_NT
PROCESSOR_IDENTIFIER=AMD64 Family 23 Model 104 Stepping 1, AuthenticAMD



---------------  S Y S T E M  ---------------

OS: Windows 11 , 64 bit Build 22621 (10.0.22621.2215)

CPU:total 12 (initial active 12) (12 cores per cpu, 1 threads per core) family 23 model 104 stepping 1, cmov, cx8, fxsr, mmx, sse, sse2, sse3, ssse3, sse4.1, sse4.2, popcnt, avx, avx2, aes, clmul, mmxext, 3dnowpref, lzcnt, sse4a, tsc, tscinvbit, tscinv, bmi1

Memory: 4k page, physical 7711048k(2460700k free), swap 12977092k(5113268k free)

vm_info: OpenJDK 64-Bit Server VM (25.362-b09) for windows-amd64 JRE (1.8.0_362-b09), built on Jan 18 2023 17:11:58 by "jenkins" with MS VC++ 15.9 (VS2017)

time: Tue Sep 26 22:11:29 2023
timezone: Hora estándar de Argentina
elapsed time: 4.050180 seconds (0d 0h 0m 4s)

