#
# A fatal error has been detected by the Java Runtime Environment:
#
#  EXCEPTION_ACCESS_VIOLATION (0xc0000005) at pc=0x000002a988211066, pid=11484, tid=0x00000000000041c8
#
# JRE version: OpenJDK Runtime Environment (8.0_362-b09) (build 1.8.0_362-b09)
# Java VM: OpenJDK 64-Bit Server VM (25.362-b09 mixed mode windows-amd64 compressed oops)
# Problematic frame:
# C  [OpenAL64.dll+0x11066]
#
# Failed to write core dump. Minidumps are not enabled by default on client versions of Windows
#
# If you would like to submit a bug report, please visit:
#   https://github.com/adoptium/adoptium-support/issues
# The crash happened outside the Java Virtual Machine in native code.
# See problematic frame for where to report the bug.
#

---------------  T H R E A D  ---------------

Current thread (0x000002a9eb23f800):  JavaThread "main" [_thread_in_native, id=16840, stack(0x000000f21eb00000,0x000000f21ec00000)]

siginfo: ExceptionCode=0xc0000005, reading address 0x000002a986416004

Registers:
RAX=0x00000000e74166c3, RBX=0x000002a988350090, RCX=0x000002a986416008, RDX=0x000002a986416004
RSP=0x000000f21ebfbed0, RBP=0x00000000000000ff, RSI=0x000002a9864093bc, RDI=0x0000000000000000
R8 =0x0000000000003312, R9 =0x000002a9864093bc, R10=0x000002a9ecd39622, R11=0x00000000541d8c80
R12=0x0000000000000001, R13=0x000002a986de5010, R14=0x000000f21ebfc070, R15=0x000002a9eb23f800
RIP=0x000002a988211066, EFLAGS=0x0000000000010202

Top of Stack: (sp=0x000000f21ebfbed0)
0x000000f21ebfbed0:   0000000000000000 000002a9eb23f800
0x000000f21ebfbee0:   000000f21ebfc070 000002a986de5010
0x000000f21ebfbef0:   000002a986de5010 0000000000000000
0x000000f21ebfbf00:   000002a9eb23f800 0000000000000000
0x000000f21ebfbf10:   000000f21ebfc038 000000005406f1eb
0x000000f21ebfbf20:   000000f21ebfbf50 000002a9ecd7a2d3
0x000000f21ebfbf30:   000002a9eb205eb0 000002a9eb240420
0x000000f21ebfbf40:   000002a9eb23f800 000000f21ebfc070
0x000000f21ebfbf50:   000002a986de5010 0000000000000000
0x000000f21ebfbf60:   000002a9864093bc 0000000000000248
0x000000f21ebfbf70:   000000f21ebfc038 000002a98821248f
0x000000f21ebfbf80:   000002a988350090 000002a988350090
0x000000f21ebfbf90:   000002a90000ac44 000002a9e74166c3
0x000000f21ebfbfa0:   000002a9ecd27bd0 000002a9ecd3964e
0x000000f21ebfbfb0:   000002a986de5010 0000000000000248
0x000000f21ebfbfc0:   000002a9ecd27bd0 000002a9ecd3935b 

Instructions: (pc=0x000002a988211066)
0x000002a988211046:   41 2b ec 81 3a 03 00 02 00 75 09 8b 01 89 84 24
0x000002a988211056:   c8 00 00 00 49 83 c0 02 48 83 c1 08 4a 8d 14 86
0x000002a988211066:   39 3a 75 af 4c 8d 84 24 c0 00 00 00 48 8d 15 d7
0x000002a988211076:   2b 03 00 33 c9 e8 58 5f 00 00 b8 40 1f 00 00 4c 


Register to memory mapping:

RAX=0x00000000e74166c3 is an unallocated location in the heap
RBX=0x000002a988350090 is an unknown value
RCX=0x000002a986416008 is an unknown value
RDX=0x000002a986416004 is an unknown value
RSP=0x000000f21ebfbed0 is pointing into the stack for thread: 0x000002a9eb23f800
RBP=0x00000000000000ff is an unknown value
RSI=0x000002a9864093bc is an unknown value
RDI=0x0000000000000000 is an unknown value
R8 =0x0000000000003312 is an unknown value
R9 =0x000002a9864093bc is an unknown value
R10=0x000002a9ecd39622 is at code_begin+962 in an Interpreter codelet
method entry point (kind = native)  [0x000002a9ecd39260, 0x000002a9ecd39d00]  2720 bytes
R11=0x00000000541d8c80 is an unknown value
R12=0x0000000000000001 is an unknown value
R13={method} {0x000002a986de5018} 'nalcCreateContext' '(JJ)J' in 'org/lwjgl/openal/ALC10'
R14=0x000000f21ebfc070 is pointing into the stack for thread: 0x000002a9eb23f800
R15=0x000002a9eb23f800 is a thread


Stack: [0x000000f21eb00000,0x000000f21ec00000],  sp=0x000000f21ebfbed0,  free space=1007k
Native frames: (J=compiled Java code, j=interpreted, Vv=VM code, C=native code)
C  [OpenAL64.dll+0x11066]
C  [OpenAL64.dll+0x1248f]
C  0x000002a9ecd3964e

Java frames: (J=compiled Java code, j=interpreted, Vv=VM code)
j  org.lwjgl.openal.ALC10.nalcCreateContext(JJ)J+0
j  org.lwjgl.openal.ALC10.alcCreateContext(Lorg/lwjgl/openal/ALCdevice;Ljava/nio/IntBuffer;)Lorg/lwjgl/openal/ALCcontext;+8
j  org.lwjgl.openal.AL.init(Ljava/lang/String;IIZZ)V+69
j  org.lwjgl.openal.AL.create(Ljava/lang/String;IIZZ)V+246
j  org.lwjgl.openal.AL.create(Ljava/lang/String;IIZ)V+5
j  org.lwjgl.openal.AL.create()V+6
j  com.badlogic.gdx.backends.lwjgl.audio.OpenALAudio.<init>(III)V+114
j  com.badlogic.gdx.backends.lwjgl.LwjglApplication.<init>(Lcom/badlogic/gdx/ApplicationListener;Lcom/badlogic/gdx/backends/lwjgl/LwjglApplicationConfiguration;Lcom/badlogic/gdx/backends/lwjgl/LwjglGraphics;)V+120
j  com.badlogic.gdx.backends.lwjgl.LwjglApplication.<init>(Lcom/badlogic/gdx/ApplicationListener;Lcom/badlogic/gdx/backends/lwjgl/LwjglApplicationConfiguration;)V+11
j  org.uqbar.project.wollok.game.gameboard.WollokGDXApplication.<init>(Lorg/uqbar/project/wollok/game/gameboard/Gameboard;Ljava/lang/Boolean;)V+17
j  org.uqbar.project.wollok.game.helpers.Application.start(Lorg/uqbar/project/wollok/game/gameboard/Gameboard;Ljava/lang/Boolean;)V+5
j  org.uqbar.project.wollok.game.gameboard.Gameboard.start(Ljava/lang/Boolean;)V+13
j  wollok.game.GameObject.doStart(Ljava/lang/Boolean;)V+12
v  ~StubRoutines::call_stub
J 3290  sun.reflect.NativeMethodAccessorImpl.invoke0(Ljava/lang/reflect/Method;Ljava/lang/Object;[Ljava/lang/Object;)Ljava/lang/Object; (0 bytes) @ 0x000002a9ed75f0ff [0x000002a9ed75f080+0x7f]
J 3289 C1 sun.reflect.NativeMethodAccessorImpl.invoke(Ljava/lang/Object;[Ljava/lang/Object;)Ljava/lang/Object; (104 bytes) @ 0x000002a9ed769564 [0x000002a9ed7683c0+0x11a4]
J 2664 C1 sun.reflect.DelegatingMethodAccessorImpl.invoke(Ljava/lang/Object;[Ljava/lang/Object;)Ljava/lang/Object; (10 bytes) @ 0x000002a9ed5cc804 [0x000002a9ed5cc700+0x104]
J 2663 C1 java.lang.reflect.Method.invoke(Ljava/lang/Object;[Ljava/lang/Object;)Ljava/lang/Object; (62 bytes) @ 0x000002a9ed5c6e6c [0x000002a9ed5c6a80+0x3ec]
J 3668 C1 org.uqbar.project.wollok.ui.utils.XTendUtilExtensions.invokeConvertingArgs(Ljava/lang/reflect/Method;Ljava/lang/Object;[Ljava/lang/Object;)Lorg/uqbar/project/wollok/interpreter/core/WollokObject; (368 bytes) @ 0x000002a9ed8fd414 [0x000002a9ed8fb840+0x1bd4]
J 3663 C1 org.uqbar.project.wollok.interpreter.AbstractWollokCallable._invokeNative(Ljava/lang/Object;Ljava/lang/String;[Lorg/uqbar/project/wollok/interpreter/core/WollokObject;)Lorg/uqbar/project/wollok/interpreter/core/WollokObject; (49 bytes) @ 0x000002a9ed8f7424 [0x000002a9ed8f7180+0x2a4]
J 3679 C1 org.uqbar.project.wollok.interpreter.AbstractWollokCallable.invokeNative(Ljava/lang/Object;Ljava/lang/String;[Lorg/uqbar/project/wollok/interpreter/core/WollokObject;)Lorg/uqbar/project/wollok/interpreter/core/WollokObject; (76 bytes) @ 0x000002a9ed90f12c [0x000002a9ed90e4e0+0xc4c]
J 3541 C1 org.uqbar.project.wollok.interpreter.AbstractWollokCallable$1.apply()Lorg/uqbar/project/wollok/interpreter/core/WollokObject; (145 bytes) @ 0x000002a9ed89080c [0x000002a9ed8901c0+0x64c]
J 3443 C1 org.uqbar.project.wollok.interpreter.AbstractWollokCallable$1.apply()Ljava/lang/Object; (5 bytes) @ 0x000002a9ed7ea3cc [0x000002a9ed7ea340+0x8c]
J 3519 C1 org.uqbar.project.wollok.interpreter.threads.WThread.performOnStack(Lorg/eclipse/emf/ecore/EObject;Lorg/uqbar/project/wollok/interpreter/context/EvaluationContext;Lorg/eclipse/xtext/xbase/lib/Functions$Function0;)Lorg/uqbar/project/wollok/interpreter/core/WollokObject; (157 bytes) @ 0x000002a9ed87ad54 [0x000002a9ed87aa40+0x314]
J 3441 C1 org.uqbar.project.wollok.interpreter.AbstractWollokCallable.call(Lorg/uqbar/project/wollok/wollokDsl/WMethodDeclaration;[Lorg/uqbar/project/wollok/interpreter/core/WollokObject;)Lorg/uqbar/project/wollok/interpreter/core/WollokObject; (46 bytes) @ 0x000002a9ed7f14ac [0x000002a9ed7f07a0+0xd0c]
J 3547 C1 org.uqbar.project.wollok.interpreter.core.WollokObject.call(Ljava/lang/String;[Lorg/uqbar/project/wollok/interpreter/core/WollokObject;)Lorg/uqbar/project/wollok/interpreter/core/WollokObject; (61 bytes) @ 0x000002a9ed897efc [0x000002a9ed897840+0x6bc]
J 3619 C1 org.uqbar.project.wollok.interpreter.WollokInterpreterEvaluator._evaluate(Lorg/uqbar/project/wollok/wollokDsl/WFeatureCall;)Lorg/uqbar/project/wollok/interpreter/core/WollokObject; (125 bytes) @ 0x000002a9ed8cacd4 [0x000002a9ed8c9b40+0x1194]
J 3396 C1 org.uqbar.project.wollok.launch.WollokLauncherInterpreterEvaluator.evaluate(Lorg/eclipse/emf/ecore/EObject;)Lorg/uqbar/project/wollok/interpreter/core/WollokObject; (502 bytes) @ 0x000002a9ed7c14ac [0x000002a9ed7bd300+0x41ac]
J 3399 C1 org.uqbar.project.wollok.interpreter.WollokInterpreter.eval(Lorg/eclipse/emf/ecore/EObject;)Lorg/uqbar/project/wollok/interpreter/core/WollokObject; (190 bytes) @ 0x000002a9ed7cc6cc [0x000002a9ed7cbcc0+0xa0c]
J 3612 C1 org.uqbar.project.wollok.interpreter.WollokInterpreterEvaluator$1.apply(Ljava/lang/Object;Ljava/lang/Object;)Ljava/lang/Object; (13 bytes) @ 0x000002a9ed8c7ee4 [0x000002a9ed8c7b60+0x384]
J 3327 C1 org.eclipse.xtext.xbase.lib.IteratorExtensions.fold(Ljava/util/Iterator;Ljava/lang/Object;Lorg/eclipse/xtext/xbase/lib/Functions$Function2;)Ljava/lang/Object; (30 bytes) @ 0x000002a9ed77929c [0x000002a9ed7790e0+0x1bc]
J 3672 C1 org.uqbar.project.wollok.interpreter.WollokInterpreterEvaluator._evaluate(Lorg/uqbar/project/wollok/wollokDsl/WBlockExpression;)Lorg/uqbar/project/wollok/interpreter/core/WollokObject; (40 bytes) @ 0x000002a9ed90b394 [0x000002a9ed90a740+0xc54]
J 3396 C1 org.uqbar.project.wollok.launch.WollokLauncherInterpreterEvaluator.evaluate(Lorg/eclipse/emf/ecore/EObject;)Lorg/uqbar/project/wollok/interpreter/core/WollokObject; (502 bytes) @ 0x000002a9ed7c472c [0x000002a9ed7bd300+0x742c]
J 3399 C1 org.uqbar.project.wollok.interpreter.WollokInterpreter.eval(Lorg/eclipse/emf/ecore/EObject;)Lorg/uqbar/project/wollok/interpreter/core/WollokObject; (190 bytes) @ 0x000002a9ed7cc6cc [0x000002a9ed7cbcc0+0xa0c]
J 3541 C1 org.uqbar.project.wollok.interpreter.AbstractWollokCallable$1.apply()Lorg/uqbar/project/wollok/interpreter/core/WollokObject; (145 bytes) @ 0x000002a9ed890b3c [0x000002a9ed8901c0+0x97c]
J 3443 C1 org.uqbar.project.wollok.interpreter.AbstractWollokCallable$1.apply()Ljava/lang/Object; (5 bytes) @ 0x000002a9ed7ea3cc [0x000002a9ed7ea340+0x8c]
J 3519 C1 org.uqbar.project.wollok.interpreter.threads.WThread.performOnStack(Lorg/eclipse/emf/ecore/EObject;Lorg/uqbar/project/wollok/interpreter/context/EvaluationContext;Lorg/eclipse/xtext/xbase/lib/Functions$Function0;)Lorg/uqbar/project/wollok/interpreter/core/WollokObject; (157 bytes) @ 0x000002a9ed87ad54 [0x000002a9ed87aa40+0x314]
J 3441 C1 org.uqbar.project.wollok.interpreter.AbstractWollokCallable.call(Lorg/uqbar/project/wollok/wollokDsl/WMethodDeclaration;[Lorg/uqbar/project/wollok/interpreter/core/WollokObject;)Lorg/uqbar/project/wollok/interpreter/core/WollokObject; (46 bytes) @ 0x000002a9ed7f14ac [0x000002a9ed7f07a0+0xd0c]
J 3547 C1 org.uqbar.project.wollok.interpreter.core.WollokObject.call(Ljava/lang/String;[Lorg/uqbar/project/wollok/interpreter/core/WollokObject;)Lorg/uqbar/project/wollok/interpreter/core/WollokObject; (61 bytes) @ 0x000002a9ed897efc [0x000002a9ed897840+0x6bc]
J 3619 C1 org.uqbar.project.wollok.interpreter.WollokInterpreterEvaluator._evaluate(Lorg/uqbar/project/wollok/wollokDsl/WFeatureCall;)Lorg/uqbar/project/wollok/interpreter/core/WollokObject; (125 bytes) @ 0x000002a9ed8cacd4 [0x000002a9ed8c9b40+0x1194]
J 3396 C1 org.uqbar.project.wollok.launch.WollokLauncherInterpreterEvaluator.evaluate(Lorg/eclipse/emf/ecore/EObject;)Lorg/uqbar/project/wollok/interpreter/core/WollokObject; (502 bytes) @ 0x000002a9ed7c14ac [0x000002a9ed7bd300+0x41ac]
J 3399 C1 org.uqbar.project.wollok.interpreter.WollokInterpreter.eval(Lorg/eclipse/emf/ecore/EObject;)Lorg/uqbar/project/wollok/interpreter/core/WollokObject; (190 bytes) @ 0x000002a9ed7cc6cc [0x000002a9ed7cbcc0+0xa0c]
J 3612 C1 org.uqbar.project.wollok.interpreter.WollokInterpreterEvaluator$1.apply(Ljava/lang/Object;Ljava/lang/Object;)Ljava/lang/Object; (13 bytes) @ 0x000002a9ed8c7ee4 [0x000002a9ed8c7b60+0x384]
j  org.eclipse.xtext.xbase.lib.IteratorExtensions.fold(Ljava/util/Iterator;Ljava/lang/Object;Lorg/eclipse/xtext/xbase/lib/Functions$Function2;)Ljava/lang/Object;+19
j  org.eclipse.xtext.xbase.lib.IterableExtensions.fold(Ljava/lang/Iterable;Ljava/lang/Object;Lorg/eclipse/xtext/xbase/lib/Functions$Function2;)Ljava/lang/Object;+8
j  org.uqbar.project.wollok.interpreter.WollokInterpreterEvaluator.evalAll(Ljava/lang/Iterable;)Lorg/uqbar/project/wollok/interpreter/core/WollokObject;+12
j  org.uqbar.project.wollok.interpreter.WollokInterpreterEvaluator._evaluate(Lorg/uqbar/project/wollok/wollokDsl/WProgram;)Lorg/uqbar/project/wollok/interpreter/core/WollokObject;+18
j  org.uqbar.project.wollok.launch.WollokLauncherInterpreterEvaluator.evaluate(Lorg/eclipse/emf/ecore/EObject;)Lorg/uqbar/project/wollok/interpreter/core/WollokObject;+444
j  org.uqbar.project.wollok.interpreter.WollokInterpreterEvaluator.evaluate(Lorg/eclipse/emf/ecore/EObject;)Ljava/lang/Object;+2
j  org.uqbar.project.wollok.interpreter.WollokInterpreter.eval(Lorg/eclipse/emf/ecore/EObject;)Lorg/uqbar/project/wollok/interpreter/core/WollokObject;+63
j  org.uqbar.project.wollok.interpreter.WollokInterpreterEvaluator.eval(Lorg/eclipse/emf/ecore/EObject;)Lorg/uqbar/project/wollok/interpreter/core/WollokObject;+5
j  org.uqbar.project.wollok.launch.WollokLauncherInterpreterEvaluator._evaluate(Lorg/uqbar/project/wollok/wollokDsl/WFile;)Lorg/uqbar/project/wollok/interpreter/core/WollokObject;+32
j  org.uqbar.project.wollok.launch.WollokLauncherInterpreterEvaluator.evaluate(Lorg/eclipse/emf/ecore/EObject;)Lorg/uqbar/project/wollok/interpreter/core/WollokObject;+428
j  org.uqbar.project.wollok.interpreter.WollokInterpreterEvaluator.evaluate(Lorg/eclipse/emf/ecore/EObject;)Ljava/lang/Object;+2
j  org.uqbar.project.wollok.interpreter.WollokInterpreter.interpret(Lorg/eclipse/emf/ecore/EObject;Ljava/lang/Boolean;)Lorg/uqbar/project/wollok/interpreter/core/WollokObject;+25
j  org.uqbar.project.wollok.interpreter.WollokInterpreter.interpret(Lorg/eclipse/emf/ecore/EObject;)Lorg/uqbar/project/wollok/interpreter/core/WollokObject;+8
j  org.uqbar.project.wollok.launch.WollokLauncher.doSomething(Lorg/uqbar/project/wollok/wollokDsl/WFile;Lcom/google/inject/Injector;Ljava/io/File;Lorg/uqbar/project/wollok/launch/WollokLauncherParameters;)V+109
j  org.uqbar.project.wollok.launch.WollokChecker.launch(Ljava/lang/String;Lorg/uqbar/project/wollok/launch/WollokLauncherParameters;)V+31
j  org.uqbar.project.wollok.launch.WollokChecker.doMain([Ljava/lang/String;)V+205
j  org.uqbar.project.wollok.launch.WollokLauncher.main([Ljava/lang/String;)V+8
v  ~StubRoutines::call_stub

---------------  P R O C E S S  ---------------

Java Threads: ( => current thread )
  0x000002a9844a3800 JavaThread "com.google.inject.internal.util.$Finalizer" daemon [_thread_blocked, id=13404, stack(0x000000f220200000,0x000000f220300000)]
  0x000002a98434b000 JavaThread "EMF Reference Cleaner" daemon [_thread_blocked, id=24160, stack(0x000000f220100000,0x000000f220200000)]
  0x000002a9ffaa0000 JavaThread "Service Thread" daemon [_thread_blocked, id=24672, stack(0x000000f21ff00000,0x000000f220000000)]
  0x000002a9fd5a0000 JavaThread "C1 CompilerThread3" daemon [_thread_blocked, id=1476, stack(0x000000f21fe00000,0x000000f21ff00000)]
  0x000002a9fd598800 JavaThread "C2 CompilerThread2" daemon [_thread_blocked, id=21492, stack(0x000000f21fd00000,0x000000f21fe00000)]
  0x000002a9fd594000 JavaThread "C2 CompilerThread1" daemon [_thread_blocked, id=16312, stack(0x000000f21fc00000,0x000000f21fd00000)]
  0x000002a9fd59b000 JavaThread "C2 CompilerThread0" daemon [_thread_blocked, id=11768, stack(0x000000f21fb00000,0x000000f21fc00000)]
  0x000002a9fd58f000 JavaThread "Attach Listener" daemon [_thread_blocked, id=18912, stack(0x000000f21fa00000,0x000000f21fb00000)]
  0x000002a9fd58e000 JavaThread "Signal Dispatcher" daemon [_thread_blocked, id=13976, stack(0x000000f21f900000,0x000000f21fa00000)]
  0x000002a9fd55e000 JavaThread "Finalizer" daemon [_thread_blocked, id=15080, stack(0x000000f21f800000,0x000000f21f900000)]
  0x000002a9fd556000 JavaThread "Reference Handler" daemon [_thread_blocked, id=8416, stack(0x000000f21f700000,0x000000f21f800000)]
=>0x000002a9eb23f800 JavaThread "main" [_thread_in_native, id=16840, stack(0x000000f21eb00000,0x000000f21ec00000)]

Other Threads:
  0x000002a9fd52d800 VMThread [stack: 0x000000f21f600000,0x000000f21f700000] [id=25676]
  0x000002a9ffaa1000 WatcherThread [stack: 0x000000f220000000,0x000000f220100000] [id=24512]

VM state:not at safepoint (normal execution)

VM Mutex/Monitor currently owned by a thread: None

heap address: 0x000000008a400000, size: 1884 MB, Compressed Oops mode: 32-bit
Narrow klass base: 0x0000000000000000, Narrow klass shift: 3
Compressed class space size: 1073741824 Address: 0x0000000100000000

Heap:
 PSYoungGen      total 127488K, used 86649K [0x00000000d8c00000, 0x00000000e0d00000, 0x0000000100000000)
  eden space 122880K, 70% used [0x00000000d8c00000,0x00000000de09e4e0,0x00000000e0400000)
  from space 4608K, 0% used [0x00000000e0880000,0x00000000e0880000,0x00000000e0d00000)
  to   space 4608K, 0% used [0x00000000e0400000,0x00000000e0400000,0x00000000e0880000)
 ParOldGen       total 77824K, used 17988K [0x000000008a400000, 0x000000008f000000, 0x00000000d8c00000)
  object space 77824K, 23% used [0x000000008a400000,0x000000008b591068,0x000000008f000000)
 Metaspace       used 22447K, capacity 22852K, committed 22912K, reserved 1069056K
  class space    used 2792K, capacity 2894K, committed 2944K, reserved 1048576K

Card table byte_map: [0x000002a9fc0e0000,0x000002a9fc490000] byte_map_base: 0x000002a9fbc8e000

Marking Bits: (ParMarkBitMap*) 0x00000000547af7f0
 Begin Bits: [0x000002a980000000, 0x000002a981d70000)
 End Bits:   [0x000002a981d70000, 0x000002a983ae0000)

Polling page: 0x000002a9eb4f0000

CodeCache: size=245760Kb used=13134Kb max_used=13134Kb free=232625Kb
 bounds [0x000002a9ecd20000, 0x000002a9eda00000, 0x000002a9fbd20000]
 total_blobs=4345 nmethods=3893 adapters=364
 compilation: enabled

Compilation events (10 events):
Event: 3.897 Thread 0x000002a9fd5a0000 3892   !   3       java.lang.Package::getSystemPackage (63 bytes)
Event: 3.898 Thread 0x000002a9fd5a0000 nmethod 3892 0x000002a9ed9fb7d0 code [0x000002a9ed9fb9c0, 0x000002a9ed9fc2a0]
Event: 3.904 Thread 0x000002a9fd5a0000 3893       3       java.nio.DirectByteBuffer::put (18 bytes)
Event: 3.905 Thread 0x000002a9fd5a0000 nmethod 3893 0x000002a9ed9fcf50 code [0x000002a9ed9fd0c0, 0x000002a9ed9fd338]
Event: 3.905 Thread 0x000002a9fd5a0000 3894       3       java.nio.DirectByteBuffer::ix (10 bytes)
Event: 3.905 Thread 0x000002a9fd5a0000 nmethod 3894 0x000002a9ed9fd450 code [0x000002a9ed9fd5a0, 0x000002a9ed9fd6f8]
Event: 3.906 Thread 0x000002a9fd5a0000 3896       3       java.nio.DirectByteBuffer::put (18 bytes)
Event: 3.906 Thread 0x000002a9fd5a0000 nmethod 3896 0x000002a9ed9fd790 code [0x000002a9ed9fd900, 0x000002a9ed9fdb78]
Event: 3.906 Thread 0x000002a9fd5a0000 3897       1       java.nio.DirectByteBuffer::ix (10 bytes)
Event: 3.906 Thread 0x000002a9fd5a0000 nmethod 3897 0x000002a9ed9fdc90 code [0x000002a9ed9fdde0, 0x000002a9ed9fdef8]

GC Heap History (10 events):
Event: 0.616 GC heap before
{Heap before GC invocations=1 (full 0):
 PSYoungGen      total 35328K, used 30720K [0x00000000d8c00000, 0x00000000db300000, 0x0000000100000000)
  eden space 30720K, 100% used [0x00000000d8c00000,0x00000000daa00000,0x00000000daa00000)
  from space 4608K, 0% used [0x00000000dae80000,0x00000000dae80000,0x00000000db300000)
  to   space 4608K, 0% used [0x00000000daa00000,0x00000000daa00000,0x00000000dae80000)
 ParOldGen       total 80896K, used 0K [0x000000008a400000, 0x000000008f300000, 0x00000000d8c00000)
  object space 80896K, 0% used [0x000000008a400000,0x000000008a400000,0x000000008f300000)
 Metaspace       used 7199K, capacity 7402K, committed 7552K, reserved 1056768K
  class space    used 790K, capacity 869K, committed 896K, reserved 1048576K
Event: 0.624 GC heap after
Heap after GC invocations=1 (full 0):
 PSYoungGen      total 35328K, used 4586K [0x00000000d8c00000, 0x00000000dd100000, 0x0000000100000000)
  eden space 30720K, 0% used [0x00000000d8c00000,0x00000000d8c00000,0x00000000daa00000)
  from space 4608K, 99% used [0x00000000daa00000,0x00000000dae7aa08,0x00000000dae80000)
  to   space 4608K, 0% used [0x00000000dcc80000,0x00000000dcc80000,0x00000000dd100000)
 ParOldGen       total 80896K, used 3326K [0x000000008a400000, 0x000000008f300000, 0x00000000d8c00000)
  object space 80896K, 4% used [0x000000008a400000,0x000000008a73f868,0x000000008f300000)
 Metaspace       used 7199K, capacity 7402K, committed 7552K, reserved 1056768K
  class space    used 790K, capacity 869K, committed 896K, reserved 1048576K
}
Event: 0.980 GC heap before
{Heap before GC invocations=2 (full 0):
 PSYoungGen      total 35328K, used 35306K [0x00000000d8c00000, 0x00000000dd100000, 0x0000000100000000)
  eden space 30720K, 100% used [0x00000000d8c00000,0x00000000daa00000,0x00000000daa00000)
  from space 4608K, 99% used [0x00000000daa00000,0x00000000dae7aa08,0x00000000dae80000)
  to   space 4608K, 0% used [0x00000000dcc80000,0x00000000dcc80000,0x00000000dd100000)
 ParOldGen       total 80896K, used 3326K [0x000000008a400000, 0x000000008f300000, 0x00000000d8c00000)
  object space 80896K, 4% used [0x000000008a400000,0x000000008a73f868,0x000000008f300000)
 Metaspace       used 9991K, capacity 10140K, committed 10368K, reserved 1058816K
  class space    used 1194K, capacity 1288K, committed 1408K, reserved 1048576K
Event: 0.990 GC heap after
Heap after GC invocations=2 (full 0):
 PSYoungGen      total 66048K, used 4601K [0x00000000d8c00000, 0x00000000dd100000, 0x0000000100000000)
  eden space 61440K, 0% used [0x00000000d8c00000,0x00000000d8c00000,0x00000000dc800000)
  from space 4608K, 99% used [0x00000000dcc80000,0x00000000dd0fe408,0x00000000dd100000)
  to   space 4608K, 0% used [0x00000000dc800000,0x00000000dc800000,0x00000000dcc80000)
 ParOldGen       total 80896K, used 9958K [0x000000008a400000, 0x000000008f300000, 0x00000000d8c00000)
  object space 80896K, 12% used [0x000000008a400000,0x000000008adb9a98,0x000000008f300000)
 Metaspace       used 9991K, capacity 10140K, committed 10368K, reserved 1058816K
  class space    used 1194K, capacity 1288K, committed 1408K, reserved 1048576K
}
Event: 1.903 GC heap before
{Heap before GC invocations=3 (full 0):
 PSYoungGen      total 66048K, used 66041K [0x00000000d8c00000, 0x00000000dd100000, 0x0000000100000000)
  eden space 61440K, 100% used [0x00000000d8c00000,0x00000000dc800000,0x00000000dc800000)
  from space 4608K, 99% used [0x00000000dcc80000,0x00000000dd0fe408,0x00000000dd100000)
  to   space 4608K, 0% used [0x00000000dc800000,0x00000000dc800000,0x00000000dcc80000)
 ParOldGen       total 80896K, used 9958K [0x000000008a400000, 0x000000008f300000, 0x00000000d8c00000)
  object space 80896K, 12% used [0x000000008a400000,0x000000008adb9a98,0x000000008f300000)
 Metaspace       used 16636K, capacity 16798K, committed 17024K, reserved 1064960K
  class space    used 2076K, capacity 2131K, committed 2176K, reserved 1048576K
Event: 1.919 GC heap after
Heap after GC invocations=3 (full 0):
 PSYoungGen      total 66048K, used 4584K [0x00000000d8c00000, 0x00000000e0d00000, 0x0000000100000000)
  eden space 61440K, 0% used [0x00000000d8c00000,0x00000000d8c00000,0x00000000dc800000)
  from space 4608K, 99% used [0x00000000dc800000,0x00000000dcc7a018,0x00000000dcc80000)
  to   space 4608K, 0% used [0x00000000e0880000,0x00000000e0880000,0x00000000e0d00000)
 ParOldGen       total 80896K, used 21464K [0x000000008a400000, 0x000000008f300000, 0x00000000d8c00000)
  object space 80896K, 26% used [0x000000008a400000,0x000000008b8f6200,0x000000008f300000)
 Metaspace       used 16636K, capacity 16798K, committed 17024K, reserved 1064960K
  class space    used 2076K, capacity 2131K, committed 2176K, reserved 1048576K
}
Event: 2.808 GC heap before
{Heap before GC invocations=4 (full 0):
 PSYoungGen      total 66048K, used 45893K [0x00000000d8c00000, 0x00000000e0d00000, 0x0000000100000000)
  eden space 61440K, 67% used [0x00000000d8c00000,0x00000000db4574b0,0x00000000dc800000)
  from space 4608K, 99% used [0x00000000dc800000,0x00000000dcc7a018,0x00000000dcc80000)
  to   space 4608K, 0% used [0x00000000e0880000,0x00000000e0880000,0x00000000e0d00000)
 ParOldGen       total 80896K, used 21464K [0x000000008a400000, 0x000000008f300000, 0x00000000d8c00000)
  object space 80896K, 26% used [0x000000008a400000,0x000000008b8f6200,0x000000008f300000)
 Metaspace       used 20847K, capacity 21126K, committed 21248K, reserved 1067008K
  class space    used 2652K, capacity 2745K, committed 2816K, reserved 1048576K
Event: 2.818 GC heap after
Heap after GC invocations=4 (full 0):
 PSYoungGen      total 127488K, used 4602K [0x00000000d8c00000, 0x00000000e0d00000, 0x0000000100000000)
  eden space 122880K, 0% used [0x00000000d8c00000,0x00000000d8c00000,0x00000000e0400000)
  from space 4608K, 99% used [0x00000000e0880000,0x00000000e0cfe928,0x00000000e0d00000)
  to   space 4608K, 0% used [0x00000000e0400000,0x00000000e0400000,0x00000000e0880000)
 ParOldGen       total 80896K, used 30072K [0x000000008a400000, 0x000000008f300000, 0x00000000d8c00000)
  object space 80896K, 37% used [0x000000008a400000,0x000000008c15e000,0x000000008f300000)
 Metaspace       used 20847K, capacity 21126K, committed 21248K, reserved 1067008K
  class space    used 2652K, capacity 2745K, committed 2816K, reserved 1048576K
}
Event: 2.818 GC heap before
{Heap before GC invocations=5 (full 1):
 PSYoungGen      total 127488K, used 4602K [0x00000000d8c00000, 0x00000000e0d00000, 0x0000000100000000)
  eden space 122880K, 0% used [0x00000000d8c00000,0x00000000d8c00000,0x00000000e0400000)
  from space 4608K, 99% used [0x00000000e0880000,0x00000000e0cfe928,0x00000000e0d00000)
  to   space 4608K, 0% used [0x00000000e0400000,0x00000000e0400000,0x00000000e0880000)
 ParOldGen       total 80896K, used 30072K [0x000000008a400000, 0x000000008f300000, 0x00000000d8c00000)
  object space 80896K, 37% used [0x000000008a400000,0x000000008c15e000,0x000000008f300000)
 Metaspace       used 20847K, capacity 21126K, committed 21248K, reserved 1067008K
  class space    used 2652K, capacity 2745K, committed 2816K, reserved 1048576K
Event: 2.869 GC heap after
Heap after GC invocations=5 (full 1):
 PSYoungGen      total 127488K, used 0K [0x00000000d8c00000, 0x00000000e0d00000, 0x0000000100000000)
  eden space 122880K, 0% used [0x00000000d8c00000,0x00000000d8c00000,0x00000000e0400000)
  from space 4608K, 0% used [0x00000000e0880000,0x00000000e0880000,0x00000000e0d00000)
  to   space 4608K, 0% used [0x00000000e0400000,0x00000000e0400000,0x00000000e0880000)
 ParOldGen       total 77824K, used 17988K [0x000000008a400000, 0x000000008f000000, 0x00000000d8c00000)
  object space 77824K, 23% used [0x000000008a400000,0x000000008b591068,0x000000008f000000)
 Metaspace       used 20847K, capacity 21126K, committed 21248K, reserved 1067008K
  class space    used 2652K, capacity 2745K, committed 2816K, reserved 1048576K
}

Deoptimization events (10 events):
Event: 2.535 Thread 0x000002a9eb23f800 Uncommon trap: reason=class_check action=maybe_recompile pc=0x000002a9ed41b254 method=org.eclipse.xtext.nodemodel.impl.NodeModelBuilder.replaceWithoutChildren(Lorg/eclipse/xtext/nodemodel/impl/AbstractNode;Lorg/eclipse/xtext/nodemodel/impl/AbstractNode;)V
Event: 2.535 Thread 0x000002a9eb23f800 Uncommon trap: reason=unstable_if action=reinterpret pc=0x000002a9ed3f1d08 method=org.eclipse.xtext.nodemodel.impl.NodeModelBuilder.replaceChildren(Lorg/eclipse/xtext/nodemodel/impl/AbstractNode;Lorg/eclipse/xtext/nodemodel/impl/AbstractNode;)V @ 4
Event: 2.694 Thread 0x000002a9eb23f800 Uncommon trap: reason=unstable_if action=reinterpret pc=0x000002a9ed2108b0 method=java.util.concurrent.ConcurrentHashMap.putVal(Ljava/lang/Object;Ljava/lang/Object;Z)Ljava/lang/Object; @ 181
Event: 3.565 Thread 0x000002a9eb23f800 Uncommon trap: reason=unstable_if action=reinterpret pc=0x000002a9ed8f4e68 method=org.uqbar.project.wollok.model.WMethodContainerExtensions.matches(Lorg/uqbar/project/wollok/wollokDsl/WMethodDeclaration;Ljava/lang/String;IZ)Z @ 70
Event: 3.581 Thread 0x000002a9eb23f800 Uncommon trap: reason=unstable_if action=reinterpret pc=0x000002a9ed8ec5a8 method=org.uqbar.project.wollok.model.WMethodContainerExtensions.matches(Lorg/uqbar/project/wollok/wollokDsl/WMethodDeclaration;Ljava/lang/String;IZ)Z @ 70
Event: 3.603 Thread 0x000002a9eb23f800 Uncommon trap: reason=unstable_if action=reinterpret pc=0x000002a9ed8407b8 method=org.eclipse.xtext.resource.impl.EObjectDescriptionLookUp.getExportedObjects(Lorg/eclipse/emf/ecore/EClass;Lorg/eclipse/xtext/naming/QualifiedName;Z)Ljava/lang/Iterable; @ 40
Event: 3.673 Thread 0x000002a9eb23f800 Uncommon trap: reason=unstable_if action=reinterpret pc=0x000002a9ed06c030 method=java.io.WinNTFileSystem.normalize(Ljava/lang/String;)Ljava/lang/String; @ 49
Event: 3.687 Thread 0x000002a9eb23f800 Uncommon trap: reason=predicate action=maybe_recompile pc=0x000002a9ed1602a4 method=java.lang.String.regionMatches(ZILjava/lang/String;II)Z @ 63
Event: 3.875 Thread 0x000002a9eb23f800 Uncommon trap: reason=unstable_if action=reinterpret pc=0x000002a9ecf58d48 method=java.lang.ThreadLocal$ThreadLocalMap.getEntry(Ljava/lang/ThreadLocal;)Ljava/lang/ThreadLocal$ThreadLocalMap$Entry; @ 29
Event: 3.875 Thread 0x000002a9eb23f800 Uncommon trap: reason=unstable_if action=reinterpret pc=0x000002a9ecf5791c method=java.lang.ThreadLocal$ThreadLocalMap.getEntry(Ljava/lang/ThreadLocal;)Ljava/lang/ThreadLocal$ThreadLocalMap$Entry; @ 29

Classes redefined (0 events):
No events

Internal exceptions (10 events):
Event: 2.561 Thread 0x000002a9eb23f800 Exception <a 'java/io/FileNotFoundException'> (0x00000000da489cf0) thrown at [J:\jenkins\tmp\workspace\build\src\hotspot\src\share\vm\prims\jni.cpp, line 709]
Event: 2.565 Thread 0x000002a9eb23f800 Exception <a 'java/io/FileNotFoundException'> (0x00000000da4b0768) thrown at [J:\jenkins\tmp\workspace\build\src\hotspot\src\share\vm\prims\jni.cpp, line 709]
Event: 2.566 Thread 0x000002a9eb23f800 Exception <a 'java/io/FileNotFoundException'> (0x00000000da4bb4a0) thrown at [J:\jenkins\tmp\workspace\build\src\hotspot\src\share\vm\prims\jni.cpp, line 709]
Event: 2.576 Thread 0x000002a9eb23f800 Exception <a 'java/io/FileNotFoundException'> (0x00000000da564720) thrown at [J:\jenkins\tmp\workspace\build\src\hotspot\src\share\vm\prims\jni.cpp, line 709]
Event: 3.913 Thread 0x000002a9eb23f800 Exception <a 'java/security/PrivilegedActionException'> (0x00000000dde9a350) thrown at [J:\jenkins\tmp\workspace\build\src\hotspot\src\share\vm\prims\jvm.cpp, line 1514]
Event: 3.913 Thread 0x000002a9eb23f800 Exception <a 'java/security/PrivilegedActionException'> (0x00000000dde9b880) thrown at [J:\jenkins\tmp\workspace\build\src\hotspot\src\share\vm\prims\jvm.cpp, line 1514]
Event: 3.913 Thread 0x000002a9eb23f800 Exception <a 'java/security/PrivilegedActionException'> (0x00000000dde9ccb0) thrown at [J:\jenkins\tmp\workspace\build\src\hotspot\src\share\vm\prims\jvm.cpp, line 1514]
Event: 3.913 Thread 0x000002a9eb23f800 Exception <a 'java/security/PrivilegedActionException'> (0x00000000dde9e370) thrown at [J:\jenkins\tmp\workspace\build\src\hotspot\src\share\vm\prims\jvm.cpp, line 1514]
Event: 3.913 Thread 0x000002a9eb23f800 Exception <a 'java/security/PrivilegedActionException'> (0x00000000dde9f768) thrown at [J:\jenkins\tmp\workspace\build\src\hotspot\src\share\vm\prims\jvm.cpp, line 1514]
Event: 3.913 Thread 0x000002a9eb23f800 Exception <a 'java/security/PrivilegedActionException'> (0x00000000ddea0b30) thrown at [J:\jenkins\tmp\workspace\build\src\hotspot\src\share\vm\prims\jvm.cpp, line 1514]

Events (10 events):
Event: 3.935 loading class org/lwjgl/openal/ALCdevice
Event: 3.935 loading class org/lwjgl/openal/ALCdevice done
Event: 3.936 loading class org/lwjgl/openal/ALCcontext
Event: 3.936 loading class org/lwjgl/openal/ALCcontext done
Event: 3.936 loading class java/nio/DirectIntBufferU
Event: 3.937 loading class java/nio/DirectIntBufferU done
Event: 3.937 loading class org/lwjgl/openal/Util
Event: 3.937 loading class org/lwjgl/openal/Util done
Event: 3.937 loading class org/lwjgl/openal/OpenALException
Event: 3.937 loading class org/lwjgl/openal/OpenALException done


Dynamic libraries:
0x00007ff6c5840000 - 0x00007ff6c5885000 	C:\wollok\jre\bin\javaw.exe
0x00007fff7cc10000 - 0x00007fff7ce24000 	C:\Windows\SYSTEM32\ntdll.dll
0x00007fff7b4e0000 - 0x00007fff7b5a4000 	C:\Windows\System32\KERNEL32.DLL
0x00007fff7a160000 - 0x00007fff7a504000 	C:\Windows\System32\KERNELBASE.dll
0x00007fff7c750000 - 0x00007fff7c800000 	C:\Windows\System32\ADVAPI32.dll
0x00007fff7bfa0000 - 0x00007fff7c047000 	C:\Windows\System32\msvcrt.dll
0x00007fff7c8e0000 - 0x00007fff7c986000 	C:\Windows\System32\sechost.dll
0x00007fff7c5b0000 - 0x00007fff7c6c7000 	C:\Windows\System32\RPCRT4.dll
0x00007fff7c9f0000 - 0x00007fff7cb9e000 	C:\Windows\System32\USER32.dll
0x00007fff7a5b0000 - 0x00007fff7a5d6000 	C:\Windows\System32\win32u.dll
0x00007fff7cba0000 - 0x00007fff7cbc9000 	C:\Windows\System32\GDI32.dll
0x00007fff7a040000 - 0x00007fff7a158000 	C:\Windows\System32\gdi32full.dll
0x00007fff7a510000 - 0x00007fff7a5aa000 	C:\Windows\System32\msvcp_win.dll
0x00007fff7a650000 - 0x00007fff7a761000 	C:\Windows\System32\ucrtbase.dll
0x00007fff60a70000 - 0x00007fff60d03000 	C:\Windows\WinSxS\amd64_microsoft.windows.common-controls_6595b64144ccf1df_6.0.22621.2215_none_270d72677387dfc3\COMCTL32.dll
0x00007fff7c200000 - 0x00007fff7c231000 	C:\Windows\System32\IMM32.DLL
0x00007fff4df50000 - 0x00007fff4df65000 	C:\wollok\jre\jre\bin\vcruntime140.dll
0x00007fff2f220000 - 0x00007fff2f2bb000 	C:\wollok\jre\jre\bin\msvcp140.dll
0x0000000053fd0000 - 0x0000000054828000 	C:\wollok\jre\jre\bin\server\jvm.dll
0x00007fff7c4f0000 - 0x00007fff7c4f8000 	C:\Windows\System32\PSAPI.DLL
0x00007fff71f50000 - 0x00007fff71f84000 	C:\Windows\SYSTEM32\WINMM.dll
0x00007fff6d0b0000 - 0x00007fff6d0b9000 	C:\Windows\SYSTEM32\WSOCK32.dll
0x00007fff7c6d0000 - 0x00007fff7c741000 	C:\Windows\System32\WS2_32.dll
0x00007fff718f0000 - 0x00007fff718fa000 	C:\Windows\SYSTEM32\VERSION.dll
0x00007fff79010000 - 0x00007fff79028000 	C:\Windows\SYSTEM32\kernel.appcore.dll
0x00007fff6c3a0000 - 0x00007fff6c3b0000 	C:\wollok\jre\jre\bin\verify.dll
0x00007fff4c120000 - 0x00007fff4c14b000 	C:\wollok\jre\jre\bin\java.dll
0x00007fff5b010000 - 0x00007fff5b028000 	C:\wollok\jre\jre\bin\zip.dll
0x00007fff7b770000 - 0x00007fff7bf93000 	C:\Windows\System32\SHELL32.dll
0x00007fff77f50000 - 0x00007fff7883a000 	C:\Windows\SYSTEM32\windows.storage.dll
0x00007fff7ac30000 - 0x00007fff7afba000 	C:\Windows\System32\combase.dll
0x00007fff77e10000 - 0x00007fff77f4e000 	C:\Windows\SYSTEM32\wintypes.dll
0x00007fff7c3f0000 - 0x00007fff7c4e3000 	C:\Windows\System32\SHCORE.dll
0x00007fff7aaa0000 - 0x00007fff7aafe000 	C:\Windows\System32\shlwapi.dll
0x00007fff79ef0000 - 0x00007fff79f16000 	C:\Windows\SYSTEM32\profapi.dll
0x0000000065580000 - 0x0000000065616000 	C:\Users\Acer\AppData\Local\Temp\libgdxAcer\12dfaa03\gdx64.dll
0x00007fff796e0000 - 0x00007fff796fb000 	C:\Windows\SYSTEM32\CRYPTSP.dll
0x00007fff78f80000 - 0x00007fff78fb5000 	C:\Windows\system32\rsaenh.dll
0x00007fff79580000 - 0x00007fff795ac000 	C:\Windows\SYSTEM32\USERENV.dll
0x00007fff798a0000 - 0x00007fff798c8000 	C:\Windows\SYSTEM32\bcrypt.dll
0x00007fff79fc0000 - 0x00007fff7a03a000 	C:\Windows\System32\bcryptprimitives.dll
0x00007fff79700000 - 0x00007fff7970c000 	C:\Windows\SYSTEM32\CRYPTBASE.dll
0x00007fff59820000 - 0x00007fff5983c000 	C:\wollok\jre\jre\bin\net.dll
0x00007fff79490000 - 0x00007fff794f9000 	C:\Windows\system32\mswsock.dll
0x00007fff78aa0000 - 0x00007fff78acd000 	C:\Windows\SYSTEM32\IPHLPAPI.DLL
0x00007fff7ac20000 - 0x00007fff7ac29000 	C:\Windows\System32\NSI.dll
0x00007fff73cd0000 - 0x00007fff73ce9000 	C:\Windows\SYSTEM32\dhcpcsvc6.DLL
0x00007fff73420000 - 0x00007fff7343f000 	C:\Windows\SYSTEM32\dhcpcsvc.DLL
0x00007fff78ad0000 - 0x00007fff78bc2000 	C:\Windows\SYSTEM32\DNSAPI.dll
0x00007fff58480000 - 0x00007fff58493000 	C:\wollok\jre\jre\bin\nio.dll
0x0000000180000000 - 0x0000000180053000 	C:\Users\Acer\AppData\Local\Temp\libgdxAcer\dc0f0009\lwjgl64.dll
0x00007fff4ca50000 - 0x00007fff4cb50000 	C:\Windows\SYSTEM32\OPENGL32.dll
0x00007fff4e660000 - 0x00007fff4e68d000 	C:\Windows\SYSTEM32\GLU32.dll
0x00007fff77870000 - 0x00007fff778a8000 	C:\Windows\SYSTEM32\dxcore.dll
0x000002a988200000 - 0x000002a988264000 	C:\Users\Acer\AppData\Local\Temp\libgdxAcer\dc0f0009\OpenAL64.dll
0x00007fff7c240000 - 0x00007fff7c3de000 	C:\Windows\System32\ole32.dll
0x00007fff774a0000 - 0x00007fff7754b000 	C:\Windows\system32\uxtheme.dll
0x00007fff7c500000 - 0x00007fff7c5b0000 	C:\Windows\System32\clbcatq.dll
0x00007fff3f000000 - 0x00007fff3f0a2000 	C:\Windows\SYSTEM32\dsound.dll
0x00007fff3ef40000 - 0x00007fff3eff1000 	C:\Windows\SYSTEM32\ResampleDmo.DLL
0x00007fff67da0000 - 0x00007fff67dc9000 	C:\Windows\SYSTEM32\winmmbase.dll
0x00007fff7c800000 - 0x00007fff7c8d7000 	C:\Windows\System32\OLEAUT32.dll
0x00007fff79e90000 - 0x00007fff79edd000 	C:\Windows\SYSTEM32\powrprof.dll
0x00007fff705d0000 - 0x00007fff705db000 	C:\Windows\SYSTEM32\msdmo.dll
0x00007fff79e70000 - 0x00007fff79e83000 	C:\Windows\SYSTEM32\UMPDC.dll
0x00007fff74230000 - 0x00007fff742cd000 	C:\Windows\System32\MMDevApi.dll
0x00007fff79b90000 - 0x00007fff79bbc000 	C:\Windows\System32\DEVOBJ.dll
0x00007fff79bc0000 - 0x00007fff79c0e000 	C:\Windows\SYSTEM32\cfgmgr32.dll
0x00007fff69110000 - 0x00007fff692fc000 	C:\Windows\SYSTEM32\AUDIOSES.DLL
0x00007fff75630000 - 0x00007fff7585e000 	C:\Windows\SYSTEM32\dbghelp.dll

VM Arguments:
jvm_args: -Duser.language=es_AR -Dfile.encoding=UTF-8 
java_command: org.uqbar.project.wollok.launch.WollokLauncher -requestsPort 0 -eventsPort 0 -folder -dontValidate -wf src/juego.wpgm -darkMode
java_class_path (initial): C:\Users\Acer\git\2023s2-tp-game-grupo-8\bin;C:\wollok\plugins\com.ibm.icu_64.2.0.v20190507-1337.jar;C:\wollok\plugins\org.eclipse.xtext_2.20.0.v20191202-0915.jar;C:\wollok\plugins\org.eclipse.emf.ecore.xmi_2.16.0.v20190528-0725.jar;C:\wollok\plugins\org.eclipse.emf.ecore_2.20.0.v20190920-0401.jar;C:\wollok\plugins\org.eclipse.emf.common_2.17.0.v20190920-0401.jar;C:\wollok\plugins\org.antlr.runtime_3.2.0.v201101311130.jar;C:\wollok\plugins\com.google.inject_3.0.0.v201605172100.jar;C:\wollok\plugins\org.eclipse.emf.mwe.core_1.5.1.v20191121-1148.jar;C:\wollok\plugins\org.apache.commons.cli_1.2.0.v201404270220.jar;C:\wollok\plugins\org.eclipse.emf.mwe2.runtime_2.11.1.v20191121-1148.jar;C:\wollok\plugins\org.eclipse.emf.mwe.utils_1.5.1.v20191121-1148.jar;C:\wollok\plugins\org.eclipse.xtext.util_2.20.0.v20191202-0915.jar;C:\wollok\plugins\com.google.guava_27.1.0.v20190517-1946.jar;C:\wollok\plugins\javax.inject_1.0.0.v20091030.jar;C:\wollok\plugins\org.eclipse.xtext.generator_2.20.0.v20191202-0933.jar;C:\wollok\plugins\org.eclipse.xtext.xtext.generator_2.20.0.v20191202-0915.jar;C:\wollok\plugins\org.eclipse.xtext.xbase.lib_2.20.0.v20191202-0907.jar;C:\wollok\plugins\org.eclipse.emf.codegen.ecore_2.20.0.v20191012-0918.jar;C:\wollok\plugins\org.eclipse.emf.codegen_2.19.0.v20190821-1536.jar;C:\wollok\plugins\org.eclipse.xtend_2.2.0.v201605260315.jar;C:\wollok\plugins\org.eclipse.xpand_2.2.0.v201605260315.jar;C:\wollok\plugins\org.eclipse.xtend.typesystem.emf_2.2.0.v201605260315.jar;C:\wollok\plugins\org.uqbar.project.wollok_3.0.0.jar;C:\wollok\plugins\org.eclipse.xtext.xbase_2.20.0.v20191202-0933.jar;C:\wollok\plugins\org.eclipse.xtext.common.types_2.20.0.v20191202-0933.jar;C:\wollok\plugins\org.eclipse.xtend.lib_2.20.0.v20191202-0907.jar;C:\wollok\plugins\org.eclipse.xtend.lib.macro_2.20.0.v20191202-0907.jar;C:\wollok\plugins\org.apache.commons.collections_3.2.2.v201511171945.jar;C:\wollok\plugins\org.uqbar.project.wollok.launch_3.0.0.jar;C:\wo
Launcher Type: SUN_STANDARD

Environment Variables:
PATH=C:/wollok/jre/bin/../jre/bin/server;C:/wollok/jre/bin/../jre/bin;C:/wollok/jre/bin/../jre/lib/amd64;C:\Program Files\Eclipse Adoptium\jdk-8.0.362.9-hotspot\bin;C:\Windows\system32;C:\Windows;C:\Windows\System32\Wbem;C:\Windows\System32\WindowsPowerShell\v1.0\;C:\Windows\System32\OpenSSH\;C:\Users\Acer\AppData\Local\Programs\Python\Python310\Scripts\;C:\Users\Acer\AppData\Local\Programs\Python\Python310\;C:\Users\Acer\AppData\Local\Microsoft\WindowsApps;;C:\Users\Acer\AppData\Local\Programs\Microsoft VS Code\bin;C:\wollok;
USERNAME=Acer
OS=Windows_NT
PROCESSOR_IDENTIFIER=AMD64 Family 23 Model 104 Stepping 1, AuthenticAMD



---------------  S Y S T E M  ---------------

OS: Windows 11 , 64 bit Build 22621 (10.0.22621.2215)

CPU:total 12 (initial active 12) (12 cores per cpu, 1 threads per core) family 23 model 104 stepping 1, cmov, cx8, fxsr, mmx, sse, sse2, sse3, ssse3, sse4.1, sse4.2, popcnt, avx, avx2, aes, clmul, mmxext, 3dnowpref, lzcnt, sse4a, tsc, tscinvbit, tscinv, bmi1

Memory: 4k page, physical 7711048k(3126748k free), swap 12977092k(6856304k free)

vm_info: OpenJDK 64-Bit Server VM (25.362-b09) for windows-amd64 JRE (1.8.0_362-b09), built on Jan 18 2023 17:11:58 by "jenkins" with MS VC++ 15.9 (VS2017)

time: Sun Oct  1 18:38:08 2023
timezone: Hora estándar de Argentina
elapsed time: 3.979805 seconds (0d 0h 0m 3s)

